

Started GET "/" for 127.0.0.1 at 2014-12-13 01:31:06 -0700
Processing by Rails::WelcomeController#index as HTML
  Rendered /home/vignesh/.rvm/gems/ruby-2.1.0/gems/railties-4.1.6/lib/rails/templates/rails/welcome/index.html.erb (3.2ms)
Completed 200 OK in 86ms (Views: 76.4ms | ActiveRecord: 0.0ms)
  [1m[36m (181.0ms)[0m  [1mCREATE TABLE `schema_migrations` (`version` varchar(255) NOT NULL) ENGINE=InnoDB[0m
  [1m[35m (237.3ms)[0m  CREATE UNIQUE INDEX `unique_schema_migrations`  ON `schema_migrations` (`version`) 
  [1m[36mActiveRecord::SchemaMigration Load (14.0ms)[0m  [1mSELECT `schema_migrations`.* FROM `schema_migrations`[0m
Migrating to CreateUsers (20141213164258)
  [1m[35m (61.9ms)[0m  CREATE TABLE `users` (`id` int(11) auto_increment PRIMARY KEY, `provider` varchar(255), `uid` varchar(255), `name` varchar(255), `oauth_token` varchar(255), `oauth_expires_at` datetime, `created_at` datetime, `updated_at` datetime) ENGINE=InnoDB
  [1m[36mSQL (0.2ms)[0m  [1mBEGIN[0m
  [1m[35mSQL (38.1ms)[0m  INSERT INTO `schema_migrations` (`version`) VALUES (?)  [["version", "20141213164258"]]
  [1m[36m (38.0ms)[0m  [1mCOMMIT[0m
  [1m[35mActiveRecord::SchemaMigration Load (0.4ms)[0m  SELECT `schema_migrations`.* FROM `schema_migrations`


Started GET "/" for 127.0.0.1 at 2014-12-13 10:32:14 -0700
  [1m[36mActiveRecord::SchemaMigration Load (1.1ms)[0m  [1mSELECT `schema_migrations`.* FROM `schema_migrations`[0m
Processing by Rails::WelcomeController#index as HTML
  Rendered /home/vignesh/.rvm/gems/ruby-2.1.0/gems/railties-4.1.6/lib/rails/templates/rails/welcome/index.html.erb (1.7ms)
Completed 200 OK in 16ms (Views: 7.4ms | ActiveRecord: 0.0ms)


Started GET "/" for 127.0.0.1 at 2014-12-13 10:38:08 -0700
  [1m[36mActiveRecord::SchemaMigration Load (1.8ms)[0m  [1mSELECT `schema_migrations`.* FROM `schema_migrations`[0m
Processing by StaticController#home as HTML
Completed 500 Internal Server Error in 31ms

ActionView::MissingTemplate (Missing template static/home with {:locale=>[:en], :formats=>[:html], :variants=>[], :handlers=>[:erb, :builder, :raw, :ruby, :coffee, :jbuilder]}. Searched in:
  * "/home/vignesh/Documents/complete_fb_app/app/views"
):
  actionview (4.1.6) lib/action_view/path_set.rb:46:in `find'
  actionview (4.1.6) lib/action_view/lookup_context.rb:124:in `find'
  actionview (4.1.6) lib/action_view/renderer/abstract_renderer.rb:18:in `find_template'
  actionview (4.1.6) lib/action_view/renderer/template_renderer.rb:41:in `determine_template'
  actionview (4.1.6) lib/action_view/renderer/template_renderer.rb:8:in `render'
  actionview (4.1.6) lib/action_view/renderer/renderer.rb:42:in `render_template'
  actionview (4.1.6) lib/action_view/renderer/renderer.rb:23:in `render'
  actionview (4.1.6) lib/action_view/rendering.rb:99:in `_render_template'
  actionpack (4.1.6) lib/action_controller/metal/streaming.rb:217:in `_render_template'
  actionview (4.1.6) lib/action_view/rendering.rb:82:in `render_to_body'
  actionpack (4.1.6) lib/action_controller/metal/rendering.rb:32:in `render_to_body'
  actionpack (4.1.6) lib/action_controller/metal/renderers.rb:32:in `render_to_body'
  actionpack (4.1.6) lib/abstract_controller/rendering.rb:25:in `render'
  actionpack (4.1.6) lib/action_controller/metal/rendering.rb:16:in `render'
  actionpack (4.1.6) lib/action_controller/metal/instrumentation.rb:41:in `block (2 levels) in render'
  activesupport (4.1.6) lib/active_support/core_ext/benchmark.rb:12:in `block in ms'
  /home/vignesh/.rvm/rubies/ruby-2.1.0/lib/ruby/2.1.0/benchmark.rb:294:in `realtime'
  activesupport (4.1.6) lib/active_support/core_ext/benchmark.rb:12:in `ms'
  actionpack (4.1.6) lib/action_controller/metal/instrumentation.rb:41:in `block in render'
  actionpack (4.1.6) lib/action_controller/metal/instrumentation.rb:84:in `cleanup_view_runtime'
  activerecord (4.1.6) lib/active_record/railties/controller_runtime.rb:25:in `cleanup_view_runtime'
  actionpack (4.1.6) lib/action_controller/metal/instrumentation.rb:40:in `render'
  actionpack (4.1.6) lib/action_controller/metal/implicit_render.rb:10:in `default_render'
  actionpack (4.1.6) lib/action_controller/metal/implicit_render.rb:5:in `send_action'
  actionpack (4.1.6) lib/abstract_controller/base.rb:189:in `process_action'
  actionpack (4.1.6) lib/action_controller/metal/rendering.rb:10:in `process_action'
  actionpack (4.1.6) lib/abstract_controller/callbacks.rb:20:in `block in process_action'
  activesupport (4.1.6) lib/active_support/callbacks.rb:113:in `call'
  activesupport (4.1.6) lib/active_support/callbacks.rb:113:in `call'
  activesupport (4.1.6) lib/active_support/callbacks.rb:229:in `block in halting'
  activesupport (4.1.6) lib/active_support/callbacks.rb:166:in `call'
  activesupport (4.1.6) lib/active_support/callbacks.rb:166:in `block in halting'
  activesupport (4.1.6) lib/active_support/callbacks.rb:166:in `call'
  activesupport (4.1.6) lib/active_support/callbacks.rb:166:in `block in halting'
  activesupport (4.1.6) lib/active_support/callbacks.rb:86:in `call'
  activesupport (4.1.6) lib/active_support/callbacks.rb:86:in `run_callbacks'
  actionpack (4.1.6) lib/abstract_controller/callbacks.rb:19:in `process_action'
  actionpack (4.1.6) lib/action_controller/metal/rescue.rb:29:in `process_action'
  actionpack (4.1.6) lib/action_controller/metal/instrumentation.rb:31:in `block in process_action'
  activesupport (4.1.6) lib/active_support/notifications.rb:159:in `block in instrument'
  activesupport (4.1.6) lib/active_support/notifications/instrumenter.rb:20:in `instrument'
  activesupport (4.1.6) lib/active_support/notifications.rb:159:in `instrument'
  actionpack (4.1.6) lib/action_controller/metal/instrumentation.rb:30:in `process_action'
  actionpack (4.1.6) lib/action_controller/metal/params_wrapper.rb:250:in `process_action'
  activerecord (4.1.6) lib/active_record/railties/controller_runtime.rb:18:in `process_action'
  actionpack (4.1.6) lib/abstract_controller/base.rb:136:in `process'
  actionview (4.1.6) lib/action_view/rendering.rb:30:in `process'
  actionpack (4.1.6) lib/action_controller/metal.rb:196:in `dispatch'
  actionpack (4.1.6) lib/action_controller/metal/rack_delegation.rb:13:in `dispatch'
  actionpack (4.1.6) lib/action_controller/metal.rb:232:in `block in action'
  actionpack (4.1.6) lib/action_dispatch/routing/route_set.rb:82:in `call'
  actionpack (4.1.6) lib/action_dispatch/routing/route_set.rb:82:in `dispatch'
  actionpack (4.1.6) lib/action_dispatch/routing/route_set.rb:50:in `call'
  actionpack (4.1.6) lib/action_dispatch/journey/router.rb:73:in `block in call'
  actionpack (4.1.6) lib/action_dispatch/journey/router.rb:59:in `each'
  actionpack (4.1.6) lib/action_dispatch/journey/router.rb:59:in `call'
  actionpack (4.1.6) lib/action_dispatch/routing/route_set.rb:678:in `call'
  omniauth (1.2.2) lib/omniauth/strategy.rb:186:in `call!'
  omniauth (1.2.2) lib/omniauth/strategy.rb:164:in `call'
  omniauth (1.2.2) lib/omniauth/builder.rb:59:in `call'
  rack (1.5.2) lib/rack/etag.rb:23:in `call'
  rack (1.5.2) lib/rack/conditionalget.rb:25:in `call'
  rack (1.5.2) lib/rack/head.rb:11:in `call'
  actionpack (4.1.6) lib/action_dispatch/middleware/params_parser.rb:27:in `call'
  actionpack (4.1.6) lib/action_dispatch/middleware/flash.rb:254:in `call'
  rack (1.5.2) lib/rack/session/abstract/id.rb:225:in `context'
  rack (1.5.2) lib/rack/session/abstract/id.rb:220:in `call'
  actionpack (4.1.6) lib/action_dispatch/middleware/cookies.rb:560:in `call'
  activerecord (4.1.6) lib/active_record/query_cache.rb:36:in `call'
  activerecord (4.1.6) lib/active_record/connection_adapters/abstract/connection_pool.rb:621:in `call'
  activerecord (4.1.6) lib/active_record/migration.rb:380:in `call'
  actionpack (4.1.6) lib/action_dispatch/middleware/callbacks.rb:29:in `block in call'
  activesupport (4.1.6) lib/active_support/callbacks.rb:82:in `run_callbacks'
  actionpack (4.1.6) lib/action_dispatch/middleware/callbacks.rb:27:in `call'
  actionpack (4.1.6) lib/action_dispatch/middleware/reloader.rb:73:in `call'
  actionpack (4.1.6) lib/action_dispatch/middleware/remote_ip.rb:76:in `call'
  actionpack (4.1.6) lib/action_dispatch/middleware/debug_exceptions.rb:17:in `call'
  actionpack (4.1.6) lib/action_dispatch/middleware/show_exceptions.rb:30:in `call'
  railties (4.1.6) lib/rails/rack/logger.rb:38:in `call_app'
  railties (4.1.6) lib/rails/rack/logger.rb:20:in `block in call'
  activesupport (4.1.6) lib/active_support/tagged_logging.rb:68:in `block in tagged'
  activesupport (4.1.6) lib/active_support/tagged_logging.rb:26:in `tagged'
  activesupport (4.1.6) lib/active_support/tagged_logging.rb:68:in `tagged'
  railties (4.1.6) lib/rails/rack/logger.rb:20:in `call'
  actionpack (4.1.6) lib/action_dispatch/middleware/request_id.rb:21:in `call'
  rack (1.5.2) lib/rack/methodoverride.rb:21:in `call'
  rack (1.5.2) lib/rack/runtime.rb:17:in `call'
  activesupport (4.1.6) lib/active_support/cache/strategy/local_cache_middleware.rb:26:in `call'
  rack (1.5.2) lib/rack/lock.rb:17:in `call'
  actionpack (4.1.6) lib/action_dispatch/middleware/static.rb:64:in `call'
  rack (1.5.2) lib/rack/sendfile.rb:112:in `call'
  railties (4.1.6) lib/rails/engine.rb:514:in `call'
  railties (4.1.6) lib/rails/application.rb:144:in `call'
  rack (1.5.2) lib/rack/lock.rb:17:in `call'
  rack (1.5.2) lib/rack/content_length.rb:14:in `call'
  rack (1.5.2) lib/rack/handler/webrick.rb:60:in `service'
  /home/vignesh/.rvm/rubies/ruby-2.1.0/lib/ruby/2.1.0/webrick/httpserver.rb:138:in `service'
  /home/vignesh/.rvm/rubies/ruby-2.1.0/lib/ruby/2.1.0/webrick/httpserver.rb:94:in `run'
  /home/vignesh/.rvm/rubies/ruby-2.1.0/lib/ruby/2.1.0/webrick/server.rb:295:in `block in start_thread'


  Rendered /home/vignesh/.rvm/gems/ruby-2.1.0/gems/actionpack-4.1.6/lib/action_dispatch/middleware/templates/rescues/missing_template.html.erb within rescues/layout (1.7ms)


Started GET "/" for 127.0.0.1 at 2014-12-13 10:39:08 -0700
Processing by StaticController#home as HTML
  Rendered static/home.html.erb (0.5ms)
Completed 200 OK in 4ms (Views: 3.0ms | ActiveRecord: 0.0ms)


Started GET "/" for 127.0.0.1 at 2014-12-13 10:39:55 -0700
Processing by StaticController#home as HTML
Completed 500 Internal Server Error in 2ms

SystemStackError (stack level too deep):
  actionpack (4.1.6) lib/action_dispatch/middleware/reloader.rb:79


  Rendered /home/vignesh/.rvm/gems/ruby-2.1.0/gems/actionpack-4.1.6/lib/action_dispatch/middleware/templates/rescues/_source.erb (0.8ms)
  Rendered /home/vignesh/.rvm/gems/ruby-2.1.0/gems/actionpack-4.1.6/lib/action_dispatch/middleware/templates/rescues/_trace.html.erb (2.3ms)
  Rendered /home/vignesh/.rvm/gems/ruby-2.1.0/gems/actionpack-4.1.6/lib/action_dispatch/middleware/templates/rescues/_request_and_response.html.erb (2.2ms)
  Rendered /home/vignesh/.rvm/gems/ruby-2.1.0/gems/actionpack-4.1.6/lib/action_dispatch/middleware/templates/rescues/diagnostics.erb within rescues/layout (40.0ms)


Started GET "/" for 127.0.0.1 at 2014-12-13 10:45:23 -0700
Processing by StaticController#home as HTML
  Rendered static/home.html.erb (0.1ms)
Completed 200 OK in 3ms (Views: 2.3ms | ActiveRecord: 0.0ms)


Started GET "/" for 127.0.0.1 at 2014-12-13 10:46:55 -0700
Processing by StaticController#home as HTML
  Rendered static/home.html.erb (0.1ms)
Completed 200 OK in 3ms (Views: 2.7ms | ActiveRecord: 0.0ms)


Started GET "/" for 127.0.0.1 at 2014-12-13 10:48:23 -0700
Processing by StaticController#home as HTML
Completed 500 Internal Server Error in 7ms

NameError (Could not render layout: undefined local variable or method `application' for #<StaticController:0x00000005a71278>):
  app/controllers/static_controller.rb:5:in `home'


  Rendered /home/vignesh/.rvm/gems/ruby-2.1.0/gems/actionpack-4.1.6/lib/action_dispatch/middleware/templates/rescues/_source.erb (0.7ms)
  Rendered /home/vignesh/.rvm/gems/ruby-2.1.0/gems/actionpack-4.1.6/lib/action_dispatch/middleware/templates/rescues/_trace.html.erb (1.4ms)
  Rendered /home/vignesh/.rvm/gems/ruby-2.1.0/gems/actionpack-4.1.6/lib/action_dispatch/middleware/templates/rescues/_request_and_response.html.erb (1.4ms)
  Rendered /home/vignesh/.rvm/gems/ruby-2.1.0/gems/actionpack-4.1.6/lib/action_dispatch/middleware/templates/rescues/diagnostics.erb within rescues/layout (15.0ms)


Started GET "/" for 127.0.0.1 at 2014-12-13 10:49:19 -0700
Processing by StaticController#home as HTML
Completed 500 Internal Server Error in 6ms

NameError (Could not render layout: undefined local variable or method `application' for #<StaticController:0x0000000576eda0>):
  app/controllers/static_controller.rb:5:in `home'


  Rendered /home/vignesh/.rvm/gems/ruby-2.1.0/gems/actionpack-4.1.6/lib/action_dispatch/middleware/templates/rescues/_source.erb (0.7ms)
  Rendered /home/vignesh/.rvm/gems/ruby-2.1.0/gems/actionpack-4.1.6/lib/action_dispatch/middleware/templates/rescues/_trace.html.erb (2.0ms)
  Rendered /home/vignesh/.rvm/gems/ruby-2.1.0/gems/actionpack-4.1.6/lib/action_dispatch/middleware/templates/rescues/_request_and_response.html.erb (1.3ms)
  Rendered /home/vignesh/.rvm/gems/ruby-2.1.0/gems/actionpack-4.1.6/lib/action_dispatch/middleware/templates/rescues/diagnostics.erb within rescues/layout (15.7ms)


Started GET "/" for 127.0.0.1 at 2014-12-13 10:49:52 -0700
Processing by StaticController#home as HTML
  Rendered static/home.html.erb within layouts/application (0.1ms)
Completed 500 Internal Server Error in 1084ms

ActionView::Template::Error (undefined local variable or method `current_user' for #<#<Class:0x00000003fee4c8>:0x00000003fed5f0>):
     9: <body>
    10: 
    11: 	<div id="user_nav">
    12: 	  <% if current_user %>
    13: 	    Signed in as <strong><%= current_user.name %></strong>!
    14: 	    <%= link_to "Sign out", signout_path, id: "sign_out" %>
    15: 	  <% else %>
  app/views/layouts/application.html.erb:12:in `_app_views_layouts_application_html_erb__3245406978350504924_33482060'
  app/controllers/static_controller.rb:5:in `home'


  Rendered /home/vignesh/.rvm/gems/ruby-2.1.0/gems/actionpack-4.1.6/lib/action_dispatch/middleware/templates/rescues/_trace.html.erb (2.3ms)
  Rendered /home/vignesh/.rvm/gems/ruby-2.1.0/gems/actionpack-4.1.6/lib/action_dispatch/middleware/templates/rescues/_request_and_response.html.erb (1.3ms)
  Rendered /home/vignesh/.rvm/gems/ruby-2.1.0/gems/actionpack-4.1.6/lib/action_dispatch/middleware/templates/rescues/template_error.html.erb within rescues/layout (16.1ms)


Started GET "/" for 127.0.0.1 at 2014-12-13 10:50:53 -0700
Processing by StaticController#home as HTML
  Rendered static/home.html.erb within layouts/application (0.1ms)
Completed 500 Internal Server Error in 66ms

ActionView::Template::Error (undefined local variable or method `current_user' for #<#<Class:0x00000003f567e0>:0x00000003f554d0>):
     9: <body>
    10: 
    11: 	<div id="user_nav">
    12: 	  <% if current_user %>
    13: 	    Signed in as <strong><%= current_user.name %></strong>!
    14: 	    <%= link_to "Sign out", signout_path, id: "sign_out" %>
    15: 	  <% else %>
  app/views/layouts/application.html.erb:12:in `_app_views_layouts_application_html_erb__3245406978350504924_33482060'
  app/controllers/static_controller.rb:5:in `home'


  Rendered /home/vignesh/.rvm/gems/ruby-2.1.0/gems/actionpack-4.1.6/lib/action_dispatch/middleware/templates/rescues/_trace.html.erb (2.1ms)
  Rendered /home/vignesh/.rvm/gems/ruby-2.1.0/gems/actionpack-4.1.6/lib/action_dispatch/middleware/templates/rescues/_request_and_response.html.erb (1.3ms)
  Rendered /home/vignesh/.rvm/gems/ruby-2.1.0/gems/actionpack-4.1.6/lib/action_dispatch/middleware/templates/rescues/template_error.html.erb within rescues/layout (12.1ms)


Started GET "/" for 127.0.0.1 at 2014-12-13 10:55:44 -0700
Processing by StaticController#home as HTML
  Rendered static/home.html.erb within layouts/application (0.1ms)
Completed 500 Internal Server Error in 54ms

ActionView::Template::Error (undefined local variable or method `current_user' for #<#<Class:0x0000000598a508>:0x000000059898d8>):
     9: <body>
    10: 
    11: 	<div id="user_nav">
    12: 	  <% if current_user %>
    13: 	    Signed in as <strong><%= current_user.name %></strong>!
    14: 	    <%= link_to "Sign out", signout_path, id: "sign_out" %>
    15: 	  <% else %>
  app/views/layouts/application.html.erb:12:in `_app_views_layouts_application_html_erb__3245406978350504924_33482060'
  app/controllers/static_controller.rb:5:in `home'


  Rendered /home/vignesh/.rvm/gems/ruby-2.1.0/gems/actionpack-4.1.6/lib/action_dispatch/middleware/templates/rescues/_trace.html.erb (1.6ms)
  Rendered /home/vignesh/.rvm/gems/ruby-2.1.0/gems/actionpack-4.1.6/lib/action_dispatch/middleware/templates/rescues/_request_and_response.html.erb (1.1ms)
  Rendered /home/vignesh/.rvm/gems/ruby-2.1.0/gems/actionpack-4.1.6/lib/action_dispatch/middleware/templates/rescues/template_error.html.erb within rescues/layout (11.6ms)


Started GET "/" for 127.0.0.1 at 2014-12-13 11:05:16 -0700
  [1m[36mActiveRecord::SchemaMigration Load (1.3ms)[0m  [1mSELECT `schema_migrations`.* FROM `schema_migrations`[0m
Processing by StaticController#home as HTML
  Rendered static/home.html.erb within layouts/application (1.4ms)
Completed 500 Internal Server Error in 108ms

ActionView::Template::Error (undefined local variable or method `current_user' for #<#<Class:0x00000003d25fc0>:0x00000003d243c8>):
     9: <body>
    10: 
    11: 	<div id="user_nav">
    12: 	  <% if current_user %>
    13: 	    Signed in as <strong><%= current_user.name %></strong>!
    14: 	    <%= link_to "Sign out", signout_path, id: "sign_out" %>
    15: 	  <% else %>
  app/views/layouts/application.html.erb:12:in `_app_views_layouts_application_html_erb___3566900304236977356_31662360'
  app/controllers/static_controller.rb:5:in `home'


  Rendered /home/vignesh/.rvm/gems/ruby-2.1.0/gems/actionpack-4.1.6/lib/action_dispatch/middleware/templates/rescues/_trace.html.erb (1.5ms)
  Rendered /home/vignesh/.rvm/gems/ruby-2.1.0/gems/actionpack-4.1.6/lib/action_dispatch/middleware/templates/rescues/_request_and_response.html.erb (1.1ms)
  Rendered /home/vignesh/.rvm/gems/ruby-2.1.0/gems/actionpack-4.1.6/lib/action_dispatch/middleware/templates/rescues/template_error.html.erb within rescues/layout (11.1ms)


Started GET "/" for 127.0.0.1 at 2014-12-13 11:05:56 -0700
Processing by StaticController#home as HTML
  Rendered static/home.html.erb within layouts/application (0.1ms)
Completed 500 Internal Server Error in 56ms

ActionView::Template::Error (undefined local variable or method `current_user' for #<#<Class:0x00000003d25fc0>:0x0000000534c7e0>):
     9: <body>
    10: 
    11: 	<div id="user_nav">
    12: 	  <% if current_user %>
    13: 	    Signed in as <strong><%= current_user.name %></strong>!
    14: 	    <%= link_to "Sign out", signout_path, id: "sign_out" %>
    15: 	  <% else %>
  app/views/layouts/application.html.erb:12:in `_app_views_layouts_application_html_erb___3566900304236977356_31662360'
  app/controllers/static_controller.rb:5:in `home'


  Rendered /home/vignesh/.rvm/gems/ruby-2.1.0/gems/actionpack-4.1.6/lib/action_dispatch/middleware/templates/rescues/_trace.html.erb (2.1ms)
  Rendered /home/vignesh/.rvm/gems/ruby-2.1.0/gems/actionpack-4.1.6/lib/action_dispatch/middleware/templates/rescues/_request_and_response.html.erb (1.2ms)
  Rendered /home/vignesh/.rvm/gems/ruby-2.1.0/gems/actionpack-4.1.6/lib/action_dispatch/middleware/templates/rescues/template_error.html.erb within rescues/layout (11.8ms)


Started GET "/" for 127.0.0.1 at 2014-12-13 11:06:07 -0700
Processing by StaticController#home as HTML
  Rendered static/home.html.erb within layouts/application (0.1ms)
Completed 500 Internal Server Error in 54ms

ActionView::Template::Error (undefined local variable or method `current_user' for #<#<Class:0x00000003d25fc0>:0x00000005a16418>):
     9: <body>
    10: 
    11: 	<div id="user_nav">
    12: 	  <% if current_user %>
    13: 	    Signed in as <strong><%= current_user.name %></strong>!
    14: 	    <%= link_to "Sign out", signout_path, id: "sign_out" %>
    15: 	  <% else %>
  app/views/layouts/application.html.erb:12:in `_app_views_layouts_application_html_erb___3566900304236977356_31662360'
  app/controllers/static_controller.rb:5:in `home'


  Rendered /home/vignesh/.rvm/gems/ruby-2.1.0/gems/actionpack-4.1.6/lib/action_dispatch/middleware/templates/rescues/_trace.html.erb (1.4ms)
  Rendered /home/vignesh/.rvm/gems/ruby-2.1.0/gems/actionpack-4.1.6/lib/action_dispatch/middleware/templates/rescues/_request_and_response.html.erb (1.1ms)
  Rendered /home/vignesh/.rvm/gems/ruby-2.1.0/gems/actionpack-4.1.6/lib/action_dispatch/middleware/templates/rescues/template_error.html.erb within rescues/layout (10.7ms)


Started GET "/" for 127.0.0.1 at 2014-12-13 11:06:46 -0700
Processing by StaticController#home as HTML
  Rendered static/home.html.erb within layouts/application (0.1ms)
Completed 500 Internal Server Error in 52ms

ActionView::Template::Error (undefined local variable or method `current_user' for #<#<Class:0x000000051c1b28>:0x000000051c0bd8>):
     9: <body>
    10: 
    11: 	<div id="user_nav">
    12: 	  <% if current_user %>
    13: 	    Signed in as <strong><%= current_user.name %></strong>!
    14: 	    <%= link_to "Sign out", signout_path, id: "sign_out" %>
    15: 	  <% else %>
  app/views/layouts/application.html.erb:12:in `_app_views_layouts_application_html_erb___3566900304236977356_31662360'
  app/controllers/static_controller.rb:5:in `home'


  Rendered /home/vignesh/.rvm/gems/ruby-2.1.0/gems/actionpack-4.1.6/lib/action_dispatch/middleware/templates/rescues/_trace.html.erb (1.8ms)
  Rendered /home/vignesh/.rvm/gems/ruby-2.1.0/gems/actionpack-4.1.6/lib/action_dispatch/middleware/templates/rescues/_request_and_response.html.erb (1.2ms)
  Rendered /home/vignesh/.rvm/gems/ruby-2.1.0/gems/actionpack-4.1.6/lib/action_dispatch/middleware/templates/rescues/template_error.html.erb within rescues/layout (11.6ms)


Started GET "/" for 127.0.0.1 at 2014-12-13 11:09:54 -0700
Processing by StaticController#home as HTML
  Rendered static/home.html.erb within layouts/application (0.1ms)
Completed 200 OK in 42ms (Views: 40.9ms | ActiveRecord: 0.0ms)


Started GET "/assets/scaffolds.css?body=1" for 127.0.0.1 at 2014-12-13 11:09:54 -0700


Started GET "/assets/application.css?body=1" for 127.0.0.1 at 2014-12-13 11:09:54 -0700


Started GET "/assets/jquery.js?body=1" for 127.0.0.1 at 2014-12-13 11:09:54 -0700


Started GET "/assets/jquery_ujs.js?body=1" for 127.0.0.1 at 2014-12-13 11:09:54 -0700


Started GET "/assets/turbolinks.js?body=1" for 127.0.0.1 at 2014-12-13 11:09:54 -0700


Started GET "/assets/facebook.js?body=1" for 127.0.0.1 at 2014-12-13 11:09:54 -0700


Started GET "/assets/application.js?body=1" for 127.0.0.1 at 2014-12-13 11:09:54 -0700


Started GET "/" for 127.0.0.1 at 2014-12-13 11:11:22 -0700
Processing by StaticController#home as HTML
  Rendered static/home.html.erb within layouts/application (0.1ms)
Completed 200 OK in 58ms (Views: 57.0ms | ActiveRecord: 0.0ms)


Started GET "/" for 127.0.0.1 at 2014-12-13 11:14:54 -0700
Processing by StaticController#home as HTML
  Rendered static/home.html.erb within layouts/application (0.1ms)
Completed 200 OK in 54ms (Views: 52.9ms | ActiveRecord: 0.0ms)


Started GET "/assets/scaffolds.css?body=1" for 127.0.0.1 at 2014-12-13 11:14:54 -0700


Started GET "/assets/application.css?body=1" for 127.0.0.1 at 2014-12-13 11:14:54 -0700


Started GET "/assets/turbolinks.js?body=1" for 127.0.0.1 at 2014-12-13 11:14:54 -0700


Started GET "/assets/jquery.js?body=1" for 127.0.0.1 at 2014-12-13 11:14:54 -0700


Started GET "/assets/jquery_ujs.js?body=1" for 127.0.0.1 at 2014-12-13 11:14:54 -0700


Started GET "/assets/application.js?body=1" for 127.0.0.1 at 2014-12-13 11:14:54 -0700


Started GET "/assets/facebook.js?body=1" for 127.0.0.1 at 2014-12-13 11:14:54 -0700


Started GET "/auth/facebook/callback" for 127.0.0.1 at 2014-12-13 11:17:22 -0700
(facebook) Callback phase initiated.
Processing by SessionsController#create as HTML
  Parameters: {"provider"=>"facebook"}
Completed 500 Internal Server Error in 3ms

ActiveModel::ForbiddenAttributesError (ActiveModel::ForbiddenAttributesError):
  app/models/user.rb:4:in `from_omniauth'
  app/controllers/sessions_controller.rb:4:in `create'


  Rendered /home/vignesh/.rvm/gems/ruby-2.1.0/gems/actionpack-4.1.6/lib/action_dispatch/middleware/templates/rescues/_source.erb (0.8ms)
  Rendered /home/vignesh/.rvm/gems/ruby-2.1.0/gems/actionpack-4.1.6/lib/action_dispatch/middleware/templates/rescues/_trace.html.erb (1.7ms)
  Rendered /home/vignesh/.rvm/gems/ruby-2.1.0/gems/actionpack-4.1.6/lib/action_dispatch/middleware/templates/rescues/_request_and_response.html.erb (1.4ms)
  Rendered /home/vignesh/.rvm/gems/ruby-2.1.0/gems/actionpack-4.1.6/lib/action_dispatch/middleware/templates/rescues/diagnostics.erb within rescues/layout (15.0ms)


Started GET "/auth/facebook/callback" for 127.0.0.1 at 2014-12-13 11:27:37 -0700
(facebook) Callback phase initiated.
(facebook) Authentication failure! invalid_credentials: OAuth2::Error, : 
{"error":{"message":"This authorization code has expired.","type":"OAuthException","code":100}}

OAuth2::Error (: 
{"error":{"message":"This authorization code has expired.","type":"OAuthException","code":100}}):
  oauth2 (1.0.0) lib/oauth2/client.rb:113:in `request'
  oauth2 (1.0.0) lib/oauth2/client.rb:138:in `get_token'
  oauth2 (1.0.0) lib/oauth2/strategy/auth_code.rb:29:in `get_token'
  omniauth-oauth2 (1.2.0) lib/omniauth/strategies/oauth2.rb:93:in `build_access_token'
  omniauth-facebook (2.0.0) lib/omniauth/strategies/facebook.rb:114:in `build_access_token'
  omniauth-oauth2 (1.2.0) lib/omniauth/strategies/oauth2.rb:75:in `callback_phase'
  omniauth-facebook (2.0.0) lib/omniauth/strategies/facebook.rb:72:in `block in callback_phase'
  omniauth-facebook (2.0.0) lib/omniauth/strategies/facebook.rb:144:in `with_authorization_code!'
  omniauth-facebook (2.0.0) lib/omniauth/strategies/facebook.rb:71:in `callback_phase'
  omniauth (1.2.2) lib/omniauth/strategy.rb:227:in `callback_call'
  omniauth (1.2.2) lib/omniauth/strategy.rb:184:in `call!'
  omniauth (1.2.2) lib/omniauth/strategy.rb:164:in `call'
  omniauth (1.2.2) lib/omniauth/builder.rb:59:in `call'
  rack (1.5.2) lib/rack/etag.rb:23:in `call'
  rack (1.5.2) lib/rack/conditionalget.rb:25:in `call'
  rack (1.5.2) lib/rack/head.rb:11:in `call'
  actionpack (4.1.6) lib/action_dispatch/middleware/params_parser.rb:27:in `call'
  actionpack (4.1.6) lib/action_dispatch/middleware/flash.rb:254:in `call'
  rack (1.5.2) lib/rack/session/abstract/id.rb:225:in `context'
  rack (1.5.2) lib/rack/session/abstract/id.rb:220:in `call'
  actionpack (4.1.6) lib/action_dispatch/middleware/cookies.rb:560:in `call'
  activerecord (4.1.6) lib/active_record/query_cache.rb:36:in `call'
  activerecord (4.1.6) lib/active_record/connection_adapters/abstract/connection_pool.rb:621:in `call'
  activerecord (4.1.6) lib/active_record/migration.rb:380:in `call'
  actionpack (4.1.6) lib/action_dispatch/middleware/callbacks.rb:29:in `block in call'
  activesupport (4.1.6) lib/active_support/callbacks.rb:82:in `run_callbacks'
  actionpack (4.1.6) lib/action_dispatch/middleware/callbacks.rb:27:in `call'
  actionpack (4.1.6) lib/action_dispatch/middleware/reloader.rb:73:in `call'
  actionpack (4.1.6) lib/action_dispatch/middleware/remote_ip.rb:76:in `call'
  actionpack (4.1.6) lib/action_dispatch/middleware/debug_exceptions.rb:17:in `call'
  actionpack (4.1.6) lib/action_dispatch/middleware/show_exceptions.rb:30:in `call'
  railties (4.1.6) lib/rails/rack/logger.rb:38:in `call_app'
  railties (4.1.6) lib/rails/rack/logger.rb:20:in `block in call'
  activesupport (4.1.6) lib/active_support/tagged_logging.rb:68:in `block in tagged'
  activesupport (4.1.6) lib/active_support/tagged_logging.rb:26:in `tagged'
  activesupport (4.1.6) lib/active_support/tagged_logging.rb:68:in `tagged'
  railties (4.1.6) lib/rails/rack/logger.rb:20:in `call'
  actionpack (4.1.6) lib/action_dispatch/middleware/request_id.rb:21:in `call'
  rack (1.5.2) lib/rack/methodoverride.rb:21:in `call'
  rack (1.5.2) lib/rack/runtime.rb:17:in `call'
  activesupport (4.1.6) lib/active_support/cache/strategy/local_cache_middleware.rb:26:in `call'
  rack (1.5.2) lib/rack/lock.rb:17:in `call'
  actionpack (4.1.6) lib/action_dispatch/middleware/static.rb:64:in `call'
  rack (1.5.2) lib/rack/sendfile.rb:112:in `call'
  railties (4.1.6) lib/rails/engine.rb:514:in `call'
  railties (4.1.6) lib/rails/application.rb:144:in `call'
  rack (1.5.2) lib/rack/lock.rb:17:in `call'
  rack (1.5.2) lib/rack/content_length.rb:14:in `call'
  rack (1.5.2) lib/rack/handler/webrick.rb:60:in `service'
  /home/vignesh/.rvm/rubies/ruby-2.1.0/lib/ruby/2.1.0/webrick/httpserver.rb:138:in `service'
  /home/vignesh/.rvm/rubies/ruby-2.1.0/lib/ruby/2.1.0/webrick/httpserver.rb:94:in `run'
  /home/vignesh/.rvm/rubies/ruby-2.1.0/lib/ruby/2.1.0/webrick/server.rb:295:in `block in start_thread'


  Rendered /home/vignesh/.rvm/gems/ruby-2.1.0/gems/actionpack-4.1.6/lib/action_dispatch/middleware/templates/rescues/_source.erb (0.9ms)
  Rendered /home/vignesh/.rvm/gems/ruby-2.1.0/gems/actionpack-4.1.6/lib/action_dispatch/middleware/templates/rescues/_trace.html.erb (1.3ms)
  Rendered /home/vignesh/.rvm/gems/ruby-2.1.0/gems/actionpack-4.1.6/lib/action_dispatch/middleware/templates/rescues/_request_and_response.html.erb (1.4ms)
  Rendered /home/vignesh/.rvm/gems/ruby-2.1.0/gems/actionpack-4.1.6/lib/action_dispatch/middleware/templates/rescues/diagnostics.erb within rescues/layout (17.1ms)


Started GET "/auth/facebook/callback" for 127.0.0.1 at 2014-12-13 11:27:47 -0700
(facebook) Callback phase initiated.
Processing by SessionsController#create as HTML
  Parameters: {"provider"=>"facebook"}
Completed 500 Internal Server Error in 6ms

NoMethodError (undefined method `permit_params' for #<Class:0x0000000570e3b0>):
  app/models/user.rb:2:in `<class:User>'
  app/models/user.rb:1:in `<top (required)>'
  app/controllers/sessions_controller.rb:4:in `create'


  Rendered /home/vignesh/.rvm/gems/ruby-2.1.0/gems/actionpack-4.1.6/lib/action_dispatch/middleware/templates/rescues/_source.erb (1.0ms)
  Rendered /home/vignesh/.rvm/gems/ruby-2.1.0/gems/actionpack-4.1.6/lib/action_dispatch/middleware/templates/rescues/_trace.html.erb (1.4ms)
  Rendered /home/vignesh/.rvm/gems/ruby-2.1.0/gems/actionpack-4.1.6/lib/action_dispatch/middleware/templates/rescues/_request_and_response.html.erb (1.2ms)
  Rendered /home/vignesh/.rvm/gems/ruby-2.1.0/gems/actionpack-4.1.6/lib/action_dispatch/middleware/templates/rescues/diagnostics.erb within rescues/layout (15.8ms)


Started GET "/" for 127.0.0.1 at 2014-12-13 11:28:53 -0700
Processing by StaticController#home as HTML
  Rendered static/home.html.erb within layouts/application (0.1ms)
Completed 200 OK in 44ms (Views: 43.0ms | ActiveRecord: 0.0ms)


Started GET "/assets/application.css?body=1" for 127.0.0.1 at 2014-12-13 11:28:53 -0700


Started GET "/assets/scaffolds.css?body=1" for 127.0.0.1 at 2014-12-13 11:28:53 -0700


Started GET "/assets/jquery.js?body=1" for 127.0.0.1 at 2014-12-13 11:28:53 -0700


Started GET "/assets/application.js?body=1" for 127.0.0.1 at 2014-12-13 11:28:53 -0700


Started GET "/assets/turbolinks.js?body=1" for 127.0.0.1 at 2014-12-13 11:28:53 -0700


Started GET "/assets/jquery_ujs.js?body=1" for 127.0.0.1 at 2014-12-13 11:28:53 -0700


Started GET "/assets/facebook.js?body=1" for 127.0.0.1 at 2014-12-13 11:28:53 -0700


Started GET "/" for 127.0.0.1 at 2014-12-13 11:30:55 -0700
  [1m[36mActiveRecord::SchemaMigration Load (1.2ms)[0m  [1mSELECT `schema_migrations`.* FROM `schema_migrations`[0m
Processing by StaticController#home as HTML
  Rendered static/home.html.erb within layouts/application (1.3ms)
Completed 200 OK in 100ms (Views: 89.9ms | ActiveRecord: 0.0ms)


Started GET "/assets/application.css?body=1" for 127.0.0.1 at 2014-12-13 11:30:56 -0700


Started GET "/assets/scaffolds.css?body=1" for 127.0.0.1 at 2014-12-13 11:30:56 -0700


Started GET "/assets/application.js?body=1" for 127.0.0.1 at 2014-12-13 11:30:56 -0700


Started GET "/assets/jquery.js?body=1" for 127.0.0.1 at 2014-12-13 11:30:56 -0700


Started GET "/assets/jquery_ujs.js?body=1" for 127.0.0.1 at 2014-12-13 11:30:56 -0700


Started GET "/assets/facebook.js?body=1" for 127.0.0.1 at 2014-12-13 11:30:56 -0700


Started GET "/assets/turbolinks.js?body=1" for 127.0.0.1 at 2014-12-13 11:30:56 -0700


Started GET "/auth/facebook/callback" for 127.0.0.1 at 2014-12-13 11:31:01 -0700
(facebook) Callback phase initiated.
Processing by SessionsController#create as HTML
  Parameters: {"provider"=>"facebook"}
Completed 500 Internal Server Error in 6ms

NoMethodError (undefined method `permit_params' for #<Class:0x00000004f84040>):
  app/models/user.rb:2:in `<class:User>'
  app/models/user.rb:1:in `<top (required)>'
  app/controllers/sessions_controller.rb:4:in `create'


  Rendered /home/vignesh/.rvm/gems/ruby-2.1.0/gems/actionpack-4.1.6/lib/action_dispatch/middleware/templates/rescues/_source.erb (1.2ms)
  Rendered /home/vignesh/.rvm/gems/ruby-2.1.0/gems/actionpack-4.1.6/lib/action_dispatch/middleware/templates/rescues/_trace.html.erb (1.5ms)
  Rendered /home/vignesh/.rvm/gems/ruby-2.1.0/gems/actionpack-4.1.6/lib/action_dispatch/middleware/templates/rescues/_request_and_response.html.erb (1.3ms)
  Rendered /home/vignesh/.rvm/gems/ruby-2.1.0/gems/actionpack-4.1.6/lib/action_dispatch/middleware/templates/rescues/diagnostics.erb within rescues/layout (16.6ms)


Started GET "/" for 127.0.0.1 at 2014-12-13 11:31:48 -0700
  [1m[36mActiveRecord::SchemaMigration Load (1.2ms)[0m  [1mSELECT `schema_migrations`.* FROM `schema_migrations`[0m
Processing by StaticController#home as HTML
  Rendered static/home.html.erb within layouts/application (1.2ms)
Completed 200 OK in 100ms (Views: 89.6ms | ActiveRecord: 0.0ms)


Started GET "/assets/scaffolds.css?body=1" for 127.0.0.1 at 2014-12-13 11:31:49 -0700


Started GET "/assets/application.css?body=1" for 127.0.0.1 at 2014-12-13 11:31:49 -0700


Started GET "/assets/jquery_ujs.js?body=1" for 127.0.0.1 at 2014-12-13 11:31:49 -0700


Started GET "/assets/jquery.js?body=1" for 127.0.0.1 at 2014-12-13 11:31:49 -0700


Started GET "/assets/turbolinks.js?body=1" for 127.0.0.1 at 2014-12-13 11:31:49 -0700


Started GET "/assets/facebook.js?body=1" for 127.0.0.1 at 2014-12-13 11:31:49 -0700


Started GET "/assets/application.js?body=1" for 127.0.0.1 at 2014-12-13 11:31:49 -0700


Started GET "/auth/facebook/callback" for 127.0.0.1 at 2014-12-13 11:31:55 -0700
(facebook) Callback phase initiated.
Processing by SessionsController#create as HTML
  Parameters: {"provider"=>"facebook"}
Completed 500 Internal Server Error in 5ms

NoMethodError (undefined method `permit_params' for #<Class:0x00000004c5af90>):
  app/models/user.rb:2:in `<class:User>'
  app/models/user.rb:1:in `<top (required)>'
  app/controllers/sessions_controller.rb:4:in `create'


  Rendered /home/vignesh/.rvm/gems/ruby-2.1.0/gems/actionpack-4.1.6/lib/action_dispatch/middleware/templates/rescues/_source.erb (1.3ms)
  Rendered /home/vignesh/.rvm/gems/ruby-2.1.0/gems/actionpack-4.1.6/lib/action_dispatch/middleware/templates/rescues/_trace.html.erb (1.5ms)
  Rendered /home/vignesh/.rvm/gems/ruby-2.1.0/gems/actionpack-4.1.6/lib/action_dispatch/middleware/templates/rescues/_request_and_response.html.erb (1.1ms)
  Rendered /home/vignesh/.rvm/gems/ruby-2.1.0/gems/actionpack-4.1.6/lib/action_dispatch/middleware/templates/rescues/diagnostics.erb within rescues/layout (15.3ms)


Started GET "/auth/facebook/callback" for 127.0.0.1 at 2014-12-13 11:32:31 -0700
(facebook) Callback phase initiated.
(facebook) Authentication failure! invalid_credentials: OAuth2::Error, : 
{"error":{"message":"This authorization code has been used.","type":"OAuthException","code":100}}

OAuth2::Error (: 
{"error":{"message":"This authorization code has been used.","type":"OAuthException","code":100}}):
  oauth2 (1.0.0) lib/oauth2/client.rb:113:in `request'
  oauth2 (1.0.0) lib/oauth2/client.rb:138:in `get_token'
  oauth2 (1.0.0) lib/oauth2/strategy/auth_code.rb:29:in `get_token'
  omniauth-oauth2 (1.2.0) lib/omniauth/strategies/oauth2.rb:93:in `build_access_token'
  omniauth-facebook (2.0.0) lib/omniauth/strategies/facebook.rb:114:in `build_access_token'
  omniauth-oauth2 (1.2.0) lib/omniauth/strategies/oauth2.rb:75:in `callback_phase'
  omniauth-facebook (2.0.0) lib/omniauth/strategies/facebook.rb:72:in `block in callback_phase'
  omniauth-facebook (2.0.0) lib/omniauth/strategies/facebook.rb:144:in `with_authorization_code!'
  omniauth-facebook (2.0.0) lib/omniauth/strategies/facebook.rb:71:in `callback_phase'
  omniauth (1.2.2) lib/omniauth/strategy.rb:227:in `callback_call'
  omniauth (1.2.2) lib/omniauth/strategy.rb:184:in `call!'
  omniauth (1.2.2) lib/omniauth/strategy.rb:164:in `call'
  omniauth (1.2.2) lib/omniauth/builder.rb:59:in `call'
  rack (1.5.2) lib/rack/etag.rb:23:in `call'
  rack (1.5.2) lib/rack/conditionalget.rb:25:in `call'
  rack (1.5.2) lib/rack/head.rb:11:in `call'
  actionpack (4.1.6) lib/action_dispatch/middleware/params_parser.rb:27:in `call'
  actionpack (4.1.6) lib/action_dispatch/middleware/flash.rb:254:in `call'
  rack (1.5.2) lib/rack/session/abstract/id.rb:225:in `context'
  rack (1.5.2) lib/rack/session/abstract/id.rb:220:in `call'
  actionpack (4.1.6) lib/action_dispatch/middleware/cookies.rb:560:in `call'
  activerecord (4.1.6) lib/active_record/query_cache.rb:36:in `call'
  activerecord (4.1.6) lib/active_record/connection_adapters/abstract/connection_pool.rb:621:in `call'
  activerecord (4.1.6) lib/active_record/migration.rb:380:in `call'
  actionpack (4.1.6) lib/action_dispatch/middleware/callbacks.rb:29:in `block in call'
  activesupport (4.1.6) lib/active_support/callbacks.rb:82:in `run_callbacks'
  actionpack (4.1.6) lib/action_dispatch/middleware/callbacks.rb:27:in `call'
  actionpack (4.1.6) lib/action_dispatch/middleware/reloader.rb:73:in `call'
  actionpack (4.1.6) lib/action_dispatch/middleware/remote_ip.rb:76:in `call'
  actionpack (4.1.6) lib/action_dispatch/middleware/debug_exceptions.rb:17:in `call'
  actionpack (4.1.6) lib/action_dispatch/middleware/show_exceptions.rb:30:in `call'
  railties (4.1.6) lib/rails/rack/logger.rb:38:in `call_app'
  railties (4.1.6) lib/rails/rack/logger.rb:20:in `block in call'
  activesupport (4.1.6) lib/active_support/tagged_logging.rb:68:in `block in tagged'
  activesupport (4.1.6) lib/active_support/tagged_logging.rb:26:in `tagged'
  activesupport (4.1.6) lib/active_support/tagged_logging.rb:68:in `tagged'
  railties (4.1.6) lib/rails/rack/logger.rb:20:in `call'
  actionpack (4.1.6) lib/action_dispatch/middleware/request_id.rb:21:in `call'
  rack (1.5.2) lib/rack/methodoverride.rb:21:in `call'
  rack (1.5.2) lib/rack/runtime.rb:17:in `call'
  activesupport (4.1.6) lib/active_support/cache/strategy/local_cache_middleware.rb:26:in `call'
  rack (1.5.2) lib/rack/lock.rb:17:in `call'
  actionpack (4.1.6) lib/action_dispatch/middleware/static.rb:64:in `call'
  rack (1.5.2) lib/rack/sendfile.rb:112:in `call'
  railties (4.1.6) lib/rails/engine.rb:514:in `call'
  railties (4.1.6) lib/rails/application.rb:144:in `call'
  rack (1.5.2) lib/rack/lock.rb:17:in `call'
  rack (1.5.2) lib/rack/content_length.rb:14:in `call'
  rack (1.5.2) lib/rack/handler/webrick.rb:60:in `service'
  /home/vignesh/.rvm/rubies/ruby-2.1.0/lib/ruby/2.1.0/webrick/httpserver.rb:138:in `service'
  /home/vignesh/.rvm/rubies/ruby-2.1.0/lib/ruby/2.1.0/webrick/httpserver.rb:94:in `run'
  /home/vignesh/.rvm/rubies/ruby-2.1.0/lib/ruby/2.1.0/webrick/server.rb:295:in `block in start_thread'


  Rendered /home/vignesh/.rvm/gems/ruby-2.1.0/gems/actionpack-4.1.6/lib/action_dispatch/middleware/templates/rescues/_source.erb (0.8ms)
  Rendered /home/vignesh/.rvm/gems/ruby-2.1.0/gems/actionpack-4.1.6/lib/action_dispatch/middleware/templates/rescues/_trace.html.erb (1.3ms)
  Rendered /home/vignesh/.rvm/gems/ruby-2.1.0/gems/actionpack-4.1.6/lib/action_dispatch/middleware/templates/rescues/_request_and_response.html.erb (1.1ms)
  Rendered /home/vignesh/.rvm/gems/ruby-2.1.0/gems/actionpack-4.1.6/lib/action_dispatch/middleware/templates/rescues/diagnostics.erb within rescues/layout (15.4ms)


Started GET "/" for 127.0.0.1 at 2014-12-13 11:32:41 -0700
Processing by StaticController#home as HTML
  Rendered static/home.html.erb within layouts/application (0.1ms)
Completed 200 OK in 51ms (Views: 50.0ms | ActiveRecord: 0.0ms)


Started GET "/assets/scaffolds.css?body=1" for 127.0.0.1 at 2014-12-13 11:32:42 -0700


Started GET "/assets/jquery.js?body=1" for 127.0.0.1 at 2014-12-13 11:32:42 -0700


Started GET "/assets/jquery_ujs.js?body=1" for 127.0.0.1 at 2014-12-13 11:32:42 -0700


Started GET "/assets/turbolinks.js?body=1" for 127.0.0.1 at 2014-12-13 11:32:42 -0700


Started GET "/assets/application.css?body=1" for 127.0.0.1 at 2014-12-13 11:32:42 -0700


Started GET "/assets/facebook.js?body=1" for 127.0.0.1 at 2014-12-13 11:32:42 -0700


Started GET "/assets/application.js?body=1" for 127.0.0.1 at 2014-12-13 11:32:42 -0700


Started GET "/auth/facebook/callback" for 127.0.0.1 at 2014-12-13 11:32:44 -0700
(facebook) Callback phase initiated.
Processing by SessionsController#create as HTML
  Parameters: {"provider"=>"facebook"}
Completed 500 Internal Server Error in 8ms

NoMethodError (undefined method `permit_params' for #<Class:0x00000004e09558>):
  app/models/user.rb:4:in `from_omniauth'
  app/controllers/sessions_controller.rb:4:in `create'


  Rendered /home/vignesh/.rvm/gems/ruby-2.1.0/gems/actionpack-4.1.6/lib/action_dispatch/middleware/templates/rescues/_source.erb (1.1ms)
  Rendered /home/vignesh/.rvm/gems/ruby-2.1.0/gems/actionpack-4.1.6/lib/action_dispatch/middleware/templates/rescues/_trace.html.erb (1.4ms)
  Rendered /home/vignesh/.rvm/gems/ruby-2.1.0/gems/actionpack-4.1.6/lib/action_dispatch/middleware/templates/rescues/_request_and_response.html.erb (1.2ms)
  Rendered /home/vignesh/.rvm/gems/ruby-2.1.0/gems/actionpack-4.1.6/lib/action_dispatch/middleware/templates/rescues/diagnostics.erb within rescues/layout (16.0ms)


Started GET "/auth/facebook/callback" for 127.0.0.1 at 2014-12-13 11:33:10 -0700
(facebook) Callback phase initiated.
(facebook) Authentication failure! invalid_credentials: OAuth2::Error, : 
{"error":{"message":"This authorization code has been used.","type":"OAuthException","code":100}}

OAuth2::Error (: 
{"error":{"message":"This authorization code has been used.","type":"OAuthException","code":100}}):
  oauth2 (1.0.0) lib/oauth2/client.rb:113:in `request'
  oauth2 (1.0.0) lib/oauth2/client.rb:138:in `get_token'
  oauth2 (1.0.0) lib/oauth2/strategy/auth_code.rb:29:in `get_token'
  omniauth-oauth2 (1.2.0) lib/omniauth/strategies/oauth2.rb:93:in `build_access_token'
  omniauth-facebook (2.0.0) lib/omniauth/strategies/facebook.rb:114:in `build_access_token'
  omniauth-oauth2 (1.2.0) lib/omniauth/strategies/oauth2.rb:75:in `callback_phase'
  omniauth-facebook (2.0.0) lib/omniauth/strategies/facebook.rb:72:in `block in callback_phase'
  omniauth-facebook (2.0.0) lib/omniauth/strategies/facebook.rb:144:in `with_authorization_code!'
  omniauth-facebook (2.0.0) lib/omniauth/strategies/facebook.rb:71:in `callback_phase'
  omniauth (1.2.2) lib/omniauth/strategy.rb:227:in `callback_call'
  omniauth (1.2.2) lib/omniauth/strategy.rb:184:in `call!'
  omniauth (1.2.2) lib/omniauth/strategy.rb:164:in `call'
  omniauth (1.2.2) lib/omniauth/builder.rb:59:in `call'
  rack (1.5.2) lib/rack/etag.rb:23:in `call'
  rack (1.5.2) lib/rack/conditionalget.rb:25:in `call'
  rack (1.5.2) lib/rack/head.rb:11:in `call'
  actionpack (4.1.6) lib/action_dispatch/middleware/params_parser.rb:27:in `call'
  actionpack (4.1.6) lib/action_dispatch/middleware/flash.rb:254:in `call'
  rack (1.5.2) lib/rack/session/abstract/id.rb:225:in `context'
  rack (1.5.2) lib/rack/session/abstract/id.rb:220:in `call'
  actionpack (4.1.6) lib/action_dispatch/middleware/cookies.rb:560:in `call'
  activerecord (4.1.6) lib/active_record/query_cache.rb:36:in `call'
  activerecord (4.1.6) lib/active_record/connection_adapters/abstract/connection_pool.rb:621:in `call'
  activerecord (4.1.6) lib/active_record/migration.rb:380:in `call'
  actionpack (4.1.6) lib/action_dispatch/middleware/callbacks.rb:29:in `block in call'
  activesupport (4.1.6) lib/active_support/callbacks.rb:82:in `run_callbacks'
  actionpack (4.1.6) lib/action_dispatch/middleware/callbacks.rb:27:in `call'
  actionpack (4.1.6) lib/action_dispatch/middleware/reloader.rb:73:in `call'
  actionpack (4.1.6) lib/action_dispatch/middleware/remote_ip.rb:76:in `call'
  actionpack (4.1.6) lib/action_dispatch/middleware/debug_exceptions.rb:17:in `call'
  actionpack (4.1.6) lib/action_dispatch/middleware/show_exceptions.rb:30:in `call'
  railties (4.1.6) lib/rails/rack/logger.rb:38:in `call_app'
  railties (4.1.6) lib/rails/rack/logger.rb:20:in `block in call'
  activesupport (4.1.6) lib/active_support/tagged_logging.rb:68:in `block in tagged'
  activesupport (4.1.6) lib/active_support/tagged_logging.rb:26:in `tagged'
  activesupport (4.1.6) lib/active_support/tagged_logging.rb:68:in `tagged'
  railties (4.1.6) lib/rails/rack/logger.rb:20:in `call'
  actionpack (4.1.6) lib/action_dispatch/middleware/request_id.rb:21:in `call'
  rack (1.5.2) lib/rack/methodoverride.rb:21:in `call'
  rack (1.5.2) lib/rack/runtime.rb:17:in `call'
  activesupport (4.1.6) lib/active_support/cache/strategy/local_cache_middleware.rb:26:in `call'
  rack (1.5.2) lib/rack/lock.rb:17:in `call'
  actionpack (4.1.6) lib/action_dispatch/middleware/static.rb:64:in `call'
  rack (1.5.2) lib/rack/sendfile.rb:112:in `call'
  railties (4.1.6) lib/rails/engine.rb:514:in `call'
  railties (4.1.6) lib/rails/application.rb:144:in `call'
  rack (1.5.2) lib/rack/lock.rb:17:in `call'
  rack (1.5.2) lib/rack/content_length.rb:14:in `call'
  rack (1.5.2) lib/rack/handler/webrick.rb:60:in `service'
  /home/vignesh/.rvm/rubies/ruby-2.1.0/lib/ruby/2.1.0/webrick/httpserver.rb:138:in `service'
  /home/vignesh/.rvm/rubies/ruby-2.1.0/lib/ruby/2.1.0/webrick/httpserver.rb:94:in `run'
  /home/vignesh/.rvm/rubies/ruby-2.1.0/lib/ruby/2.1.0/webrick/server.rb:295:in `block in start_thread'


  Rendered /home/vignesh/.rvm/gems/ruby-2.1.0/gems/actionpack-4.1.6/lib/action_dispatch/middleware/templates/rescues/_source.erb (1.0ms)
  Rendered /home/vignesh/.rvm/gems/ruby-2.1.0/gems/actionpack-4.1.6/lib/action_dispatch/middleware/templates/rescues/_trace.html.erb (1.3ms)
  Rendered /home/vignesh/.rvm/gems/ruby-2.1.0/gems/actionpack-4.1.6/lib/action_dispatch/middleware/templates/rescues/_request_and_response.html.erb (1.3ms)
  Rendered /home/vignesh/.rvm/gems/ruby-2.1.0/gems/actionpack-4.1.6/lib/action_dispatch/middleware/templates/rescues/diagnostics.erb within rescues/layout (16.3ms)


Started GET "/" for 127.0.0.1 at 2014-12-13 11:33:15 -0700
Processing by StaticController#home as HTML
  Rendered static/home.html.erb within layouts/application (0.1ms)
Completed 200 OK in 54ms (Views: 53.3ms | ActiveRecord: 0.0ms)


Started GET "/assets/scaffolds.css?body=1" for 127.0.0.1 at 2014-12-13 11:33:15 -0700


Started GET "/assets/application.css?body=1" for 127.0.0.1 at 2014-12-13 11:33:15 -0700


Started GET "/assets/jquery.js?body=1" for 127.0.0.1 at 2014-12-13 11:33:15 -0700


Started GET "/assets/turbolinks.js?body=1" for 127.0.0.1 at 2014-12-13 11:33:15 -0700


Started GET "/assets/application.js?body=1" for 127.0.0.1 at 2014-12-13 11:33:15 -0700


Started GET "/assets/facebook.js?body=1" for 127.0.0.1 at 2014-12-13 11:33:15 -0700


Started GET "/assets/jquery_ujs.js?body=1" for 127.0.0.1 at 2014-12-13 11:33:15 -0700


Started GET "/auth/facebook/callback" for 127.0.0.1 at 2014-12-13 11:33:17 -0700
(facebook) Callback phase initiated.
Processing by SessionsController#create as HTML
  Parameters: {"provider"=>"facebook"}
Completed 500 Internal Server Error in 3ms

ActiveModel::ForbiddenAttributesError (ActiveModel::ForbiddenAttributesError):
  app/models/user.rb:5:in `from_omniauth'
  app/controllers/sessions_controller.rb:4:in `create'


  Rendered /home/vignesh/.rvm/gems/ruby-2.1.0/gems/actionpack-4.1.6/lib/action_dispatch/middleware/templates/rescues/_source.erb (0.9ms)
  Rendered /home/vignesh/.rvm/gems/ruby-2.1.0/gems/actionpack-4.1.6/lib/action_dispatch/middleware/templates/rescues/_trace.html.erb (1.9ms)
  Rendered /home/vignesh/.rvm/gems/ruby-2.1.0/gems/actionpack-4.1.6/lib/action_dispatch/middleware/templates/rescues/_request_and_response.html.erb (1.4ms)
  Rendered /home/vignesh/.rvm/gems/ruby-2.1.0/gems/actionpack-4.1.6/lib/action_dispatch/middleware/templates/rescues/diagnostics.erb within rescues/layout (15.5ms)


Started GET "/" for 127.0.0.1 at 2014-12-13 11:39:45 -0700
Processing by StaticController#home as HTML
  Rendered static/home.html.erb within layouts/application (0.1ms)
Completed 200 OK in 44ms (Views: 43.5ms | ActiveRecord: 0.0ms)


Started GET "/assets/scaffolds.css?body=1" for 127.0.0.1 at 2014-12-13 11:39:45 -0700


Started GET "/assets/application.css?body=1" for 127.0.0.1 at 2014-12-13 11:39:45 -0700


Started GET "/assets/turbolinks.js?body=1" for 127.0.0.1 at 2014-12-13 11:39:45 -0700


Started GET "/assets/jquery.js?body=1" for 127.0.0.1 at 2014-12-13 11:39:45 -0700


Started GET "/assets/facebook.js?body=1" for 127.0.0.1 at 2014-12-13 11:39:45 -0700


Started GET "/assets/application.js?body=1" for 127.0.0.1 at 2014-12-13 11:39:45 -0700


Started GET "/assets/jquery_ujs.js?body=1" for 127.0.0.1 at 2014-12-13 11:39:45 -0700


Started GET "/auth/facebook/callback" for 127.0.0.1 at 2014-12-13 11:39:47 -0700
(facebook) Callback phase initiated.
Processing by SessionsController#create as HTML
  Parameters: {"provider"=>"facebook"}
Completed 500 Internal Server Error in 6ms

NameError (undefined local variable or method `attr_accessible' for #<Class:0x000000052bfe80>):
  app/models/user.rb:3:in `<class:User>'
  app/models/user.rb:1:in `<top (required)>'
  app/controllers/sessions_controller.rb:4:in `create'


  Rendered /home/vignesh/.rvm/gems/ruby-2.1.0/gems/actionpack-4.1.6/lib/action_dispatch/middleware/templates/rescues/_source.erb (0.9ms)
  Rendered /home/vignesh/.rvm/gems/ruby-2.1.0/gems/actionpack-4.1.6/lib/action_dispatch/middleware/templates/rescues/_trace.html.erb (1.4ms)
  Rendered /home/vignesh/.rvm/gems/ruby-2.1.0/gems/actionpack-4.1.6/lib/action_dispatch/middleware/templates/rescues/_request_and_response.html.erb (1.0ms)
  Rendered /home/vignesh/.rvm/gems/ruby-2.1.0/gems/actionpack-4.1.6/lib/action_dispatch/middleware/templates/rescues/diagnostics.erb within rescues/layout (14.2ms)


Started GET "/auth/facebook/callback" for 127.0.0.1 at 2014-12-13 11:40:04 -0700
(facebook) Callback phase initiated.
(facebook) Authentication failure! invalid_credentials: OAuth2::Error, : 
{"error":{"message":"This authorization code has been used.","type":"OAuthException","code":100}}

OAuth2::Error (: 
{"error":{"message":"This authorization code has been used.","type":"OAuthException","code":100}}):
  oauth2 (1.0.0) lib/oauth2/client.rb:113:in `request'
  oauth2 (1.0.0) lib/oauth2/client.rb:138:in `get_token'
  oauth2 (1.0.0) lib/oauth2/strategy/auth_code.rb:29:in `get_token'
  omniauth-oauth2 (1.2.0) lib/omniauth/strategies/oauth2.rb:93:in `build_access_token'
  omniauth-facebook (2.0.0) lib/omniauth/strategies/facebook.rb:114:in `build_access_token'
  omniauth-oauth2 (1.2.0) lib/omniauth/strategies/oauth2.rb:75:in `callback_phase'
  omniauth-facebook (2.0.0) lib/omniauth/strategies/facebook.rb:72:in `block in callback_phase'
  omniauth-facebook (2.0.0) lib/omniauth/strategies/facebook.rb:144:in `with_authorization_code!'
  omniauth-facebook (2.0.0) lib/omniauth/strategies/facebook.rb:71:in `callback_phase'
  omniauth (1.2.2) lib/omniauth/strategy.rb:227:in `callback_call'
  omniauth (1.2.2) lib/omniauth/strategy.rb:184:in `call!'
  omniauth (1.2.2) lib/omniauth/strategy.rb:164:in `call'
  omniauth (1.2.2) lib/omniauth/builder.rb:59:in `call'
  rack (1.5.2) lib/rack/etag.rb:23:in `call'
  rack (1.5.2) lib/rack/conditionalget.rb:25:in `call'
  rack (1.5.2) lib/rack/head.rb:11:in `call'
  actionpack (4.1.6) lib/action_dispatch/middleware/params_parser.rb:27:in `call'
  actionpack (4.1.6) lib/action_dispatch/middleware/flash.rb:254:in `call'
  rack (1.5.2) lib/rack/session/abstract/id.rb:225:in `context'
  rack (1.5.2) lib/rack/session/abstract/id.rb:220:in `call'
  actionpack (4.1.6) lib/action_dispatch/middleware/cookies.rb:560:in `call'
  activerecord (4.1.6) lib/active_record/query_cache.rb:36:in `call'
  activerecord (4.1.6) lib/active_record/connection_adapters/abstract/connection_pool.rb:621:in `call'
  activerecord (4.1.6) lib/active_record/migration.rb:380:in `call'
  actionpack (4.1.6) lib/action_dispatch/middleware/callbacks.rb:29:in `block in call'
  activesupport (4.1.6) lib/active_support/callbacks.rb:82:in `run_callbacks'
  actionpack (4.1.6) lib/action_dispatch/middleware/callbacks.rb:27:in `call'
  actionpack (4.1.6) lib/action_dispatch/middleware/reloader.rb:73:in `call'
  actionpack (4.1.6) lib/action_dispatch/middleware/remote_ip.rb:76:in `call'
  actionpack (4.1.6) lib/action_dispatch/middleware/debug_exceptions.rb:17:in `call'
  actionpack (4.1.6) lib/action_dispatch/middleware/show_exceptions.rb:30:in `call'
  railties (4.1.6) lib/rails/rack/logger.rb:38:in `call_app'
  railties (4.1.6) lib/rails/rack/logger.rb:20:in `block in call'
  activesupport (4.1.6) lib/active_support/tagged_logging.rb:68:in `block in tagged'
  activesupport (4.1.6) lib/active_support/tagged_logging.rb:26:in `tagged'
  activesupport (4.1.6) lib/active_support/tagged_logging.rb:68:in `tagged'
  railties (4.1.6) lib/rails/rack/logger.rb:20:in `call'
  actionpack (4.1.6) lib/action_dispatch/middleware/request_id.rb:21:in `call'
  rack (1.5.2) lib/rack/methodoverride.rb:21:in `call'
  rack (1.5.2) lib/rack/runtime.rb:17:in `call'
  activesupport (4.1.6) lib/active_support/cache/strategy/local_cache_middleware.rb:26:in `call'
  rack (1.5.2) lib/rack/lock.rb:17:in `call'
  actionpack (4.1.6) lib/action_dispatch/middleware/static.rb:64:in `call'
  rack (1.5.2) lib/rack/sendfile.rb:112:in `call'
  railties (4.1.6) lib/rails/engine.rb:514:in `call'
  railties (4.1.6) lib/rails/application.rb:144:in `call'
  rack (1.5.2) lib/rack/lock.rb:17:in `call'
  rack (1.5.2) lib/rack/content_length.rb:14:in `call'
  rack (1.5.2) lib/rack/handler/webrick.rb:60:in `service'
  /home/vignesh/.rvm/rubies/ruby-2.1.0/lib/ruby/2.1.0/webrick/httpserver.rb:138:in `service'
  /home/vignesh/.rvm/rubies/ruby-2.1.0/lib/ruby/2.1.0/webrick/httpserver.rb:94:in `run'
  /home/vignesh/.rvm/rubies/ruby-2.1.0/lib/ruby/2.1.0/webrick/server.rb:295:in `block in start_thread'


  Rendered /home/vignesh/.rvm/gems/ruby-2.1.0/gems/actionpack-4.1.6/lib/action_dispatch/middleware/templates/rescues/_source.erb (0.6ms)
  Rendered /home/vignesh/.rvm/gems/ruby-2.1.0/gems/actionpack-4.1.6/lib/action_dispatch/middleware/templates/rescues/_trace.html.erb (1.2ms)
  Rendered /home/vignesh/.rvm/gems/ruby-2.1.0/gems/actionpack-4.1.6/lib/action_dispatch/middleware/templates/rescues/_request_and_response.html.erb (1.0ms)
  Rendered /home/vignesh/.rvm/gems/ruby-2.1.0/gems/actionpack-4.1.6/lib/action_dispatch/middleware/templates/rescues/diagnostics.erb within rescues/layout (13.8ms)


Started GET "/auth/facebook/callback" for 127.0.0.1 at 2014-12-13 11:40:08 -0700
(facebook) Callback phase initiated.
Processing by SessionsController#create as HTML
  Parameters: {"provider"=>"facebook"}
  [1m[35mUser Load (0.6ms)[0m  SELECT `users`.* FROM `users`  WHERE `users`.`provider` = 'facebook' AND `users`.`uid` = '10152865216476745'
Completed 500 Internal Server Error in 22ms

NoMethodError (undefined method `firstorcreate' for #<ActiveRecord::Relation []>):
  app/models/user.rb:5:in `from_omniauth'
  app/controllers/sessions_controller.rb:4:in `create'


  Rendered /home/vignesh/.rvm/gems/ruby-2.1.0/gems/actionpack-4.1.6/lib/action_dispatch/middleware/templates/rescues/_source.erb (0.8ms)
  Rendered /home/vignesh/.rvm/gems/ruby-2.1.0/gems/actionpack-4.1.6/lib/action_dispatch/middleware/templates/rescues/_trace.html.erb (1.6ms)
  Rendered /home/vignesh/.rvm/gems/ruby-2.1.0/gems/actionpack-4.1.6/lib/action_dispatch/middleware/templates/rescues/_request_and_response.html.erb (1.2ms)
  Rendered /home/vignesh/.rvm/gems/ruby-2.1.0/gems/actionpack-4.1.6/lib/action_dispatch/middleware/templates/rescues/diagnostics.erb within rescues/layout (15.7ms)


Started GET "/" for 127.0.0.1 at 2014-12-13 11:41:06 -0700
Processing by StaticController#home as HTML
  Rendered static/home.html.erb within layouts/application (0.1ms)
Completed 200 OK in 55ms (Views: 54.4ms | ActiveRecord: 0.0ms)


Started GET "/assets/jquery.js?body=1" for 127.0.0.1 at 2014-12-13 11:41:06 -0700


Started GET "/assets/jquery_ujs.js?body=1" for 127.0.0.1 at 2014-12-13 11:41:06 -0700


Started GET "/assets/turbolinks.js?body=1" for 127.0.0.1 at 2014-12-13 11:41:06 -0700


Started GET "/assets/application.css?body=1" for 127.0.0.1 at 2014-12-13 11:41:06 -0700


Started GET "/assets/scaffolds.css?body=1" for 127.0.0.1 at 2014-12-13 11:41:06 -0700


Started GET "/assets/facebook.js?body=1" for 127.0.0.1 at 2014-12-13 11:41:06 -0700


Started GET "/assets/application.js?body=1" for 127.0.0.1 at 2014-12-13 11:41:06 -0700


Started GET "/auth/facebook/callback" for 127.0.0.1 at 2014-12-13 11:41:08 -0700
(facebook) Callback phase initiated.
Processing by SessionsController#create as HTML
  Parameters: {"provider"=>"facebook"}
  [1m[36mUser Load (0.6ms)[0m  [1mSELECT  `users`.* FROM `users`  WHERE `users`.`provider` = 'facebook' AND `users`.`uid` = '10152865216476745'  ORDER BY `users`.`id` ASC LIMIT 1[0m
  [1m[35mSQL (0.2ms)[0m  BEGIN
  [1m[36mSQL (0.7ms)[0m  [1mINSERT INTO `users` (`created_at`, `name`, `oauth_expires_at`, `oauth_token`, `provider`, `uid`, `updated_at`) VALUES (?, ?, ?, ?, ?, ?, ?)[0m  [["created_at", "2014-12-13 18:41:09"], ["name", "Vignesh Jayabalan"], ["oauth_expires_at", "2014-12-13 20:00:00"], ["oauth_token", "CAADZBJBjSumgBAHwfsUiDRZBDEUDh7WZCjKsR4Gyz0JnJYYzpRYZCWUHB2XkHgVwcvXT3NCzLe68pkJrUivVEJPNuQS3vahWRQMxMAnEw8i8LmlK3mCQW3MPaszR6ZBuuv41F04pz4yr5ULoQZBzdi47Chn1WhL4HfZAHhcuNAHTZCVHkHjBynZBSheRHxA8hDzFRuE429MpluoT3oxziWC31mUNw1xEVCJ0ZD"], ["provider", "facebook"], ["uid", "10152865216476745"], ["updated_at", "2014-12-13 18:41:09"]]
  [1m[35m (30.3ms)[0m  COMMIT
  [1m[36mSQL (0.2ms)[0m  [1mBEGIN[0m
  [1m[35m (0.2ms)[0m  COMMIT
Redirected to http://localhost:3000/
Completed 302 Found in 56ms (ActiveRecord: 34.1ms)


Started GET "/" for 127.0.0.1 at 2014-12-13 11:41:09 -0700
Processing by StaticController#home as HTML
  Rendered static/home.html.erb within layouts/application (0.1ms)
  [1m[36mUser Load (1.1ms)[0m  [1mSELECT  `users`.* FROM `users`  WHERE `users`.`id` = ? LIMIT 1[0m  [["id", 1]]
Completed 200 OK in 50ms (Views: 47.6ms | ActiveRecord: 1.1ms)


Started GET "/assets/scaffolds.css?body=1" for 127.0.0.1 at 2014-12-13 11:41:09 -0700


Started GET "/assets/application.css?body=1" for 127.0.0.1 at 2014-12-13 11:41:09 -0700


Started GET "/assets/turbolinks.js?body=1" for 127.0.0.1 at 2014-12-13 11:41:09 -0700


Started GET "/assets/jquery_ujs.js?body=1" for 127.0.0.1 at 2014-12-13 11:41:09 -0700


Started GET "/assets/facebook.js?body=1" for 127.0.0.1 at 2014-12-13 11:41:09 -0700


Started GET "/assets/jquery.js?body=1" for 127.0.0.1 at 2014-12-13 11:41:09 -0700


Started GET "/assets/application.js?body=1" for 127.0.0.1 at 2014-12-13 11:41:09 -0700


Started GET "/signout" for 127.0.0.1 at 2014-12-13 11:41:23 -0700
Processing by SessionsController#destroy as HTML
Redirected to http://localhost:3000/
Completed 302 Found in 2ms (ActiveRecord: 0.0ms)


Started GET "/" for 127.0.0.1 at 2014-12-13 11:41:23 -0700
Processing by StaticController#home as HTML
  Rendered static/home.html.erb within layouts/application (0.5ms)
Completed 200 OK in 54ms (Views: 52.9ms | ActiveRecord: 0.0ms)


Started GET "/auth/facebook" for 127.0.0.1 at 2014-12-13 11:41:25 -0700
(facebook) Request phase initiated.


Started GET "/auth/facebook" for 127.0.0.1 at 2014-12-13 11:41:25 -0700
(facebook) Request phase initiated.


Started GET "/" for 127.0.0.1 at 2014-12-13 11:41:31 -0700
Processing by StaticController#home as HTML
  Rendered static/home.html.erb within layouts/application (0.1ms)
Completed 200 OK in 43ms (Views: 42.5ms | ActiveRecord: 0.0ms)


Started GET "/assets/scaffolds.css?body=1" for 127.0.0.1 at 2014-12-13 11:41:31 -0700


Started GET "/assets/application.css?body=1" for 127.0.0.1 at 2014-12-13 11:41:31 -0700


Started GET "/assets/application.js?body=1" for 127.0.0.1 at 2014-12-13 11:41:31 -0700


Started GET "/assets/turbolinks.js?body=1" for 127.0.0.1 at 2014-12-13 11:41:31 -0700


Started GET "/assets/jquery.js?body=1" for 127.0.0.1 at 2014-12-13 11:41:31 -0700


Started GET "/assets/jquery_ujs.js?body=1" for 127.0.0.1 at 2014-12-13 11:41:31 -0700


Started GET "/assets/facebook.js?body=1" for 127.0.0.1 at 2014-12-13 11:41:31 -0700


Started GET "/auth/facebook/callback" for 127.0.0.1 at 2014-12-13 11:41:52 -0700
(facebook) Callback phase initiated.
Processing by SessionsController#create as HTML
  Parameters: {"provider"=>"facebook"}
  [1m[35mUser Load (0.9ms)[0m  SELECT  `users`.* FROM `users`  WHERE `users`.`provider` = 'facebook' AND `users`.`uid` = '10152865216476745'  ORDER BY `users`.`id` ASC LIMIT 1
Redirected to http://localhost:3000/
Completed 302 Found in 4ms (ActiveRecord: 0.9ms)


Started GET "/" for 127.0.0.1 at 2014-12-13 11:41:53 -0700
Processing by StaticController#home as HTML
  Rendered static/home.html.erb within layouts/application (0.1ms)
  [1m[36mUser Load (0.4ms)[0m  [1mSELECT  `users`.* FROM `users`  WHERE `users`.`id` = ? LIMIT 1[0m  [["id", 1]]
Completed 200 OK in 50ms (Views: 48.5ms | ActiveRecord: 0.4ms)


Started GET "/assets/scaffolds.css?body=1" for 127.0.0.1 at 2014-12-13 11:41:53 -0700


Started GET "/assets/application.css?body=1" for 127.0.0.1 at 2014-12-13 11:41:53 -0700


Started GET "/assets/jquery.js?body=1" for 127.0.0.1 at 2014-12-13 11:41:53 -0700


Started GET "/assets/jquery_ujs.js?body=1" for 127.0.0.1 at 2014-12-13 11:41:53 -0700


Started GET "/assets/facebook.js?body=1" for 127.0.0.1 at 2014-12-13 11:41:53 -0700


Started GET "/assets/turbolinks.js?body=1" for 127.0.0.1 at 2014-12-13 11:41:53 -0700


Started GET "/assets/application.js?body=1" for 127.0.0.1 at 2014-12-13 11:41:53 -0700


Started GET "/assets/scaffolds.css?body=1" for 127.0.0.1 at 2014-12-13 11:51:06 -0700


Started GET "/assets/application.css?body=1" for 127.0.0.1 at 2014-12-13 11:51:06 -0700
Mysql::Error: Table 'complete_fb_app.fb_items' doesn't exist: SHOW FULL FIELDS FROM `fb_items`
  [1m[36mActiveRecord::SchemaMigration Load (1.9ms)[0m  [1mSELECT `schema_migrations`.* FROM `schema_migrations`[0m
Migrating to CreateFbItems (20141213214318)
  [1m[35m (114.4ms)[0m  CREATE TABLE `fb_items` (`id` int(11) auto_increment PRIMARY KEY, `fb_id` varchar(255), `likes_count` int(11), `comments_count` int(11), `content` varchar(255), `fb_time` datetime, `user_id` int(11), `created_at` datetime, `updated_at` datetime) ENGINE=InnoDB
  [1m[36mSQL (0.2ms)[0m  [1mBEGIN[0m
  [1m[35mSQL (0.6ms)[0m  INSERT INTO `schema_migrations` (`version`) VALUES (?)  [["version", "20141213214318"]]
  [1m[36m (44.3ms)[0m  [1mCOMMIT[0m
  [1m[35mActiveRecord::SchemaMigration Load (0.3ms)[0m  SELECT `schema_migrations`.* FROM `schema_migrations`


Started GET "/" for 127.0.0.1 at 2014-12-13 14:47:08 -0700
  [1m[36mActiveRecord::SchemaMigration Load (1.4ms)[0m  [1mSELECT `schema_migrations`.* FROM `schema_migrations`[0m
Processing by StaticController#home as HTML
  Rendered static/home.html.erb within layouts/application (1.4ms)
  [1m[35mUser Load (0.8ms)[0m  SELECT  `users`.* FROM `users`  WHERE `users`.`id` = ? LIMIT 1  [["id", 1]]
Completed 200 OK in 2388ms (Views: 2371.7ms | ActiveRecord: 2.7ms)


Started GET "/assets/bootstrap_and_overrides.css?body=1" for 127.0.0.1 at 2014-12-13 14:47:11 -0700


Started GET "/assets/fb_items.css?body=1" for 127.0.0.1 at 2014-12-13 14:47:11 -0700


Started GET "/assets/jquery.js?body=1" for 127.0.0.1 at 2014-12-13 14:47:11 -0700


Started GET "/assets/jquery_ujs.js?body=1" for 127.0.0.1 at 2014-12-13 14:47:11 -0700


Started GET "/assets/application.css?body=1" for 127.0.0.1 at 2014-12-13 14:47:11 -0700


Started GET "/assets/scaffolds.css?body=1" for 127.0.0.1 at 2014-12-13 14:47:11 -0700


Started GET "/assets/twitter/bootstrap/transition.js?body=1" for 127.0.0.1 at 2014-12-13 14:47:11 -0700


Started GET "/assets/twitter/bootstrap/alert.js?body=1" for 127.0.0.1 at 2014-12-13 14:47:11 -0700


Started GET "/assets/twitter/bootstrap/modal.js?body=1" for 127.0.0.1 at 2014-12-13 14:47:11 -0700


Started GET "/assets/twitter/bootstrap/dropdown.js?body=1" for 127.0.0.1 at 2014-12-13 14:47:11 -0700


Started GET "/assets/twitter/bootstrap/scrollspy.js?body=1" for 127.0.0.1 at 2014-12-13 14:47:11 -0700


Started GET "/assets/twitter/bootstrap/tab.js?body=1" for 127.0.0.1 at 2014-12-13 14:47:11 -0700


Started GET "/assets/twitter/bootstrap/tooltip.js?body=1" for 127.0.0.1 at 2014-12-13 14:47:11 -0700


Started GET "/assets/twitter/bootstrap/popover.js?body=1" for 127.0.0.1 at 2014-12-13 14:47:11 -0700


Started GET "/assets/twitter/bootstrap/button.js?body=1" for 127.0.0.1 at 2014-12-13 14:47:11 -0700


Started GET "/assets/twitter/bootstrap/collapse.js?body=1" for 127.0.0.1 at 2014-12-13 14:47:11 -0700


Started GET "/assets/twitter/bootstrap/carousel.js?body=1" for 127.0.0.1 at 2014-12-13 14:47:11 -0700


Started GET "/assets/twitter/bootstrap/affix.js?body=1" for 127.0.0.1 at 2014-12-13 14:47:11 -0700


Started GET "/assets/twitter/bootstrap.js?body=1" for 127.0.0.1 at 2014-12-13 14:47:11 -0700


Started GET "/assets/turbolinks.js?body=1" for 127.0.0.1 at 2014-12-13 14:47:11 -0700


Started GET "/assets/bootstrap.js?body=1" for 127.0.0.1 at 2014-12-13 14:47:11 -0700


Started GET "/assets/facebook.js?body=1" for 127.0.0.1 at 2014-12-13 14:47:11 -0700


Started GET "/assets/fb_items.js?body=1" for 127.0.0.1 at 2014-12-13 14:47:11 -0700


Started GET "/assets/application.js?body=1" for 127.0.0.1 at 2014-12-13 14:47:11 -0700


Started GET "/" for 127.0.0.1 at 2014-12-13 14:48:35 -0700
Processing by StaticController#home as HTML
  Rendered static/home.html.erb within layouts/application (0.1ms)
  [1m[36mUser Load (0.3ms)[0m  [1mSELECT  `users`.* FROM `users`  WHERE `users`.`id` = ? LIMIT 1[0m  [["id", 1]]
Completed 200 OK in 187ms (Views: 184.5ms | ActiveRecord: 2.0ms)


Started GET "/assets/bootstrap_and_overrides.css?body=1" for 127.0.0.1 at 2014-12-13 14:48:35 -0700


Started GET "/assets/scaffolds.css?body=1" for 127.0.0.1 at 2014-12-13 14:48:35 -0700


Started GET "/assets/fb_items.css?body=1" for 127.0.0.1 at 2014-12-13 14:48:35 -0700


Started GET "/assets/application.css?body=1" for 127.0.0.1 at 2014-12-13 14:48:35 -0700


Started GET "/assets/jquery.js?body=1" for 127.0.0.1 at 2014-12-13 14:48:35 -0700


Started GET "/assets/jquery_ujs.js?body=1" for 127.0.0.1 at 2014-12-13 14:48:35 -0700


Started GET "/assets/twitter/bootstrap/transition.js?body=1" for 127.0.0.1 at 2014-12-13 14:48:35 -0700


Started GET "/assets/twitter/bootstrap/alert.js?body=1" for 127.0.0.1 at 2014-12-13 14:48:35 -0700


Started GET "/assets/twitter/bootstrap/modal.js?body=1" for 127.0.0.1 at 2014-12-13 14:48:35 -0700


Started GET "/assets/twitter/bootstrap/dropdown.js?body=1" for 127.0.0.1 at 2014-12-13 14:48:35 -0700


Started GET "/assets/twitter/bootstrap/scrollspy.js?body=1" for 127.0.0.1 at 2014-12-13 14:48:35 -0700


Started GET "/assets/twitter/bootstrap/tab.js?body=1" for 127.0.0.1 at 2014-12-13 14:48:35 -0700


Started GET "/assets/twitter/bootstrap/tooltip.js?body=1" for 127.0.0.1 at 2014-12-13 14:48:35 -0700


Started GET "/assets/twitter/bootstrap/popover.js?body=1" for 127.0.0.1 at 2014-12-13 14:48:35 -0700


Started GET "/assets/twitter/bootstrap/button.js?body=1" for 127.0.0.1 at 2014-12-13 14:48:35 -0700


Started GET "/assets/twitter/bootstrap/collapse.js?body=1" for 127.0.0.1 at 2014-12-13 14:48:35 -0700


Started GET "/assets/twitter/bootstrap/carousel.js?body=1" for 127.0.0.1 at 2014-12-13 14:48:35 -0700


Started GET "/assets/twitter/bootstrap/affix.js?body=1" for 127.0.0.1 at 2014-12-13 14:48:35 -0700


Started GET "/assets/twitter/bootstrap.js?body=1" for 127.0.0.1 at 2014-12-13 14:48:35 -0700


Started GET "/assets/turbolinks.js?body=1" for 127.0.0.1 at 2014-12-13 14:48:35 -0700


Started GET "/assets/bootstrap.js?body=1" for 127.0.0.1 at 2014-12-13 14:48:35 -0700


Started GET "/assets/fb_items.js?body=1" for 127.0.0.1 at 2014-12-13 14:48:35 -0700


Started GET "/assets/facebook.js?body=1" for 127.0.0.1 at 2014-12-13 14:48:35 -0700


Started GET "/assets/application.js?body=1" for 127.0.0.1 at 2014-12-13 14:48:35 -0700


Started GET "/signout" for 127.0.0.1 at 2014-12-13 14:48:39 -0700
Processing by SessionsController#destroy as HTML
Redirected to http://localhost:3000/
Completed 302 Found in 3ms (ActiveRecord: 0.0ms)


Started GET "/" for 127.0.0.1 at 2014-12-13 14:48:39 -0700
Processing by StaticController#home as HTML
  Rendered static/home.html.erb within layouts/application (0.5ms)
Completed 200 OK in 179ms (Views: 178.3ms | ActiveRecord: 0.0ms)


Started GET "/auth/facebook" for 127.0.0.1 at 2014-12-13 14:48:41 -0700
(facebook) Request phase initiated.


Started GET "/auth/facebook" for 127.0.0.1 at 2014-12-13 14:48:43 -0700
(facebook) Request phase initiated.


Started GET "/auth/facebook" for 127.0.0.1 at 2014-12-13 14:48:44 -0700
(facebook) Request phase initiated.


Started GET "/auth/facebook" for 127.0.0.1 at 2014-12-13 14:48:44 -0700
(facebook) Request phase initiated.


Started GET "/auth/facebook" for 127.0.0.1 at 2014-12-13 14:48:48 -0700
(facebook) Request phase initiated.


Started GET "/auth/facebook/callback?code=AQBZmVyWVNYUx-Cp-HvQyO6xmcoYDPOcsjcK-vl059gME3WK66KTktpTDYUJB39-3j-wY1kk-tXzDUcDxb9fnRWdUcQFbPzra6ToP_oBPCzM9w8byIVRoKtknDFx2YrxxUAClmtbipcr_hYcH2DQI0-ZY2QQOC6Tw-bgwdxYYwQetsj5AeimwF7b5ykbGD-wwCDPhAFHMbPCtLDUBuiKXzx-E83uOODE8a3yseAXyHCCBb3oWEpQTmLoDHLNCRS6dlLIqwkLQlLPkJMgSMI7IEvLaOncqD1-K3e-vMXf2nxIvf2a8d_KaTvyD6oBwh5ldPM&state=ad4015c7cb5aa8ab98e969af1219100e8e90884b3fb0b34e" for 127.0.0.1 at 2014-12-13 14:50:46 -0700
(facebook) Callback phase initiated.
Processing by SessionsController#create as HTML
  Parameters: {"code"=>"AQBZmVyWVNYUx-Cp-HvQyO6xmcoYDPOcsjcK-vl059gME3WK66KTktpTDYUJB39-3j-wY1kk-tXzDUcDxb9fnRWdUcQFbPzra6ToP_oBPCzM9w8byIVRoKtknDFx2YrxxUAClmtbipcr_hYcH2DQI0-ZY2QQOC6Tw-bgwdxYYwQetsj5AeimwF7b5ykbGD-wwCDPhAFHMbPCtLDUBuiKXzx-E83uOODE8a3yseAXyHCCBb3oWEpQTmLoDHLNCRS6dlLIqwkLQlLPkJMgSMI7IEvLaOncqD1-K3e-vMXf2nxIvf2a8d_KaTvyD6oBwh5ldPM", "state"=>"ad4015c7cb5aa8ab98e969af1219100e8e90884b3fb0b34e", "provider"=>"facebook"}
  [1m[35mUser Load (0.6ms)[0m  SELECT  `users`.* FROM `users`  WHERE `users`.`provider` = 'facebook' AND `users`.`uid` = '10152865216476745'  ORDER BY `users`.`id` ASC LIMIT 1
Redirected to http://localhost:3000/
Completed 302 Found in 5ms (ActiveRecord: 0.6ms)


Started GET "/" for 127.0.0.1 at 2014-12-13 14:50:47 -0700
Processing by StaticController#home as HTML
  Rendered static/home.html.erb within layouts/application (0.1ms)
  [1m[36mUser Load (0.4ms)[0m  [1mSELECT  `users`.* FROM `users`  WHERE `users`.`id` = ? LIMIT 1[0m  [["id", 1]]
Completed 200 OK in 180ms (Views: 179.4ms | ActiveRecord: 0.4ms)


Started GET "/assets/bootstrap_and_overrides.css?body=1" for 127.0.0.1 at 2014-12-13 14:50:48 -0700


Started GET "/assets/scaffolds.css?body=1" for 127.0.0.1 at 2014-12-13 14:50:48 -0700


Started GET "/assets/fb_items.css?body=1" for 127.0.0.1 at 2014-12-13 14:50:48 -0700


Started GET "/assets/twitter/bootstrap/transition.js?body=1" for 127.0.0.1 at 2014-12-13 14:50:48 -0700


Started GET "/assets/jquery.js?body=1" for 127.0.0.1 at 2014-12-13 14:50:48 -0700


Started GET "/assets/jquery_ujs.js?body=1" for 127.0.0.1 at 2014-12-13 14:50:48 -0700


Started GET "/assets/twitter/bootstrap/alert.js?body=1" for 127.0.0.1 at 2014-12-13 14:50:48 -0700


Started GET "/assets/application.css?body=1" for 127.0.0.1 at 2014-12-13 14:50:48 -0700


Started GET "/assets/twitter/bootstrap/modal.js?body=1" for 127.0.0.1 at 2014-12-13 14:50:48 -0700


Started GET "/assets/twitter/bootstrap/dropdown.js?body=1" for 127.0.0.1 at 2014-12-13 14:50:48 -0700


Started GET "/assets/twitter/bootstrap/scrollspy.js?body=1" for 127.0.0.1 at 2014-12-13 14:50:48 -0700


Started GET "/assets/twitter/bootstrap/tab.js?body=1" for 127.0.0.1 at 2014-12-13 14:50:48 -0700


Started GET "/assets/twitter/bootstrap/tooltip.js?body=1" for 127.0.0.1 at 2014-12-13 14:50:48 -0700


Started GET "/assets/twitter/bootstrap/popover.js?body=1" for 127.0.0.1 at 2014-12-13 14:50:48 -0700


Started GET "/assets/twitter/bootstrap/collapse.js?body=1" for 127.0.0.1 at 2014-12-13 14:50:48 -0700


Started GET "/assets/twitter/bootstrap/button.js?body=1" for 127.0.0.1 at 2014-12-13 14:50:48 -0700


Started GET "/assets/twitter/bootstrap/carousel.js?body=1" for 127.0.0.1 at 2014-12-13 14:50:48 -0700


Started GET "/assets/twitter/bootstrap/affix.js?body=1" for 127.0.0.1 at 2014-12-13 14:50:48 -0700


Started GET "/assets/twitter/bootstrap.js?body=1" for 127.0.0.1 at 2014-12-13 14:50:48 -0700


Started GET "/assets/turbolinks.js?body=1" for 127.0.0.1 at 2014-12-13 14:50:48 -0700


Started GET "/assets/bootstrap.js?body=1" for 127.0.0.1 at 2014-12-13 14:50:48 -0700


Started GET "/assets/facebook.js?body=1" for 127.0.0.1 at 2014-12-13 14:50:48 -0700


Started GET "/assets/fb_items.js?body=1" for 127.0.0.1 at 2014-12-13 14:50:48 -0700


Started GET "/assets/application.js?body=1" for 127.0.0.1 at 2014-12-13 14:50:48 -0700


Started GET "/" for 127.0.0.1 at 2014-12-13 15:00:47 -0700
  [1m[36mActiveRecord::SchemaMigration Load (2.1ms)[0m  [1mSELECT `schema_migrations`.* FROM `schema_migrations`[0m
Processing by StaticController#home as HTML
  Rendered static/home.html.erb within layouts/application (1.2ms)
  [1m[35mUser Load (0.7ms)[0m  SELECT  `users`.* FROM `users`  WHERE `users`.`id` = ? LIMIT 1  [["id", 1]]
Completed 200 OK in 331ms (Views: 318.2ms | ActiveRecord: 2.4ms)


Started GET "/assets/bootstrap_and_overrides.css?body=1" for 127.0.0.1 at 2014-12-13 15:00:48 -0700


Started GET "/assets/application.css?body=1" for 127.0.0.1 at 2014-12-13 15:00:48 -0700


Started GET "/assets/fb_items.css?body=1" for 127.0.0.1 at 2014-12-13 15:00:48 -0700


Started GET "/assets/scaffolds.css?body=1" for 127.0.0.1 at 2014-12-13 15:00:48 -0700


Started GET "/assets/jquery.js?body=1" for 127.0.0.1 at 2014-12-13 15:00:48 -0700


Started GET "/assets/jquery_ujs.js?body=1" for 127.0.0.1 at 2014-12-13 15:00:48 -0700


Started GET "/assets/twitter/bootstrap/transition.js?body=1" for 127.0.0.1 at 2014-12-13 15:00:48 -0700


Started GET "/assets/twitter/bootstrap/alert.js?body=1" for 127.0.0.1 at 2014-12-13 15:00:48 -0700


Started GET "/assets/twitter/bootstrap/modal.js?body=1" for 127.0.0.1 at 2014-12-13 15:00:48 -0700


Started GET "/assets/twitter/bootstrap/dropdown.js?body=1" for 127.0.0.1 at 2014-12-13 15:00:48 -0700


Started GET "/assets/twitter/bootstrap/scrollspy.js?body=1" for 127.0.0.1 at 2014-12-13 15:00:48 -0700


Started GET "/assets/twitter/bootstrap/tab.js?body=1" for 127.0.0.1 at 2014-12-13 15:00:48 -0700


Started GET "/assets/twitter/bootstrap/tooltip.js?body=1" for 127.0.0.1 at 2014-12-13 15:00:48 -0700


Started GET "/assets/twitter/bootstrap/popover.js?body=1" for 127.0.0.1 at 2014-12-13 15:00:48 -0700


Started GET "/assets/twitter/bootstrap/button.js?body=1" for 127.0.0.1 at 2014-12-13 15:00:48 -0700


Started GET "/assets/twitter/bootstrap/collapse.js?body=1" for 127.0.0.1 at 2014-12-13 15:00:48 -0700


Started GET "/assets/twitter/bootstrap/carousel.js?body=1" for 127.0.0.1 at 2014-12-13 15:00:48 -0700


Started GET "/assets/twitter/bootstrap/affix.js?body=1" for 127.0.0.1 at 2014-12-13 15:00:48 -0700


Started GET "/assets/twitter/bootstrap.js?body=1" for 127.0.0.1 at 2014-12-13 15:00:48 -0700


Started GET "/assets/turbolinks.js?body=1" for 127.0.0.1 at 2014-12-13 15:00:48 -0700


Started GET "/assets/bootstrap.js?body=1" for 127.0.0.1 at 2014-12-13 15:00:48 -0700


Started GET "/assets/facebook.js?body=1" for 127.0.0.1 at 2014-12-13 15:00:48 -0700


Started GET "/assets/fb_items.js?body=1" for 127.0.0.1 at 2014-12-13 15:00:48 -0700


Started GET "/assets/application.js?body=1" for 127.0.0.1 at 2014-12-13 15:00:48 -0700


Started GET "/signout" for 127.0.0.1 at 2014-12-13 15:01:02 -0700
Processing by SessionsController#destroy as HTML
Redirected to http://localhost:3000/
Completed 302 Found in 2ms (ActiveRecord: 0.0ms)


Started GET "/" for 127.0.0.1 at 2014-12-13 15:01:03 -0700
Processing by StaticController#home as HTML
  Rendered static/home.html.erb within layouts/application (0.8ms)
Completed 200 OK in 170ms (Views: 169.7ms | ActiveRecord: 0.0ms)


Started GET "/auth/facebook" for 127.0.0.1 at 2014-12-13 15:01:04 -0700
(facebook) Request phase initiated.


Started GET "/auth/facebook" for 127.0.0.1 at 2014-12-13 15:01:04 -0700
(facebook) Request phase initiated.


Started GET "/auth/facebook/callback?code=AQAi9MLwgE9_981fDCJofSJOPMtMxaS5l-6nhvFn-3Koejtk6KsiqR60Bi6PFItUKUSeGKIfyaWgf-W-KeeYHapW0URdbpQaaKEtxvYxMauMB0j0iL7lfVPblREwPdc7VuTCB9G3mpJR8yImT-RM7roEIbXYeB8-qe1pDU3yDIA7kdZ6X9XB1eHfuQZsHZ9MZK8e1u1_as014jNY7w7rXo7AfrUlJYhIou4sd91e_ABBvfvryXcy5yNWBlISC5F78uvboO-7VtDx0DV8AJJZm5KhUlk_GsGNdXywoWSwczCcFIPxNhzC7LUSpIc06cEJizE&state=b170d039d6c822408652d088a8298393ac08c0a967ee40d8" for 127.0.0.1 at 2014-12-13 15:02:31 -0700
(facebook) Callback phase initiated.
Processing by SessionsController#create as HTML
  Parameters: {"code"=>"AQAi9MLwgE9_981fDCJofSJOPMtMxaS5l-6nhvFn-3Koejtk6KsiqR60Bi6PFItUKUSeGKIfyaWgf-W-KeeYHapW0URdbpQaaKEtxvYxMauMB0j0iL7lfVPblREwPdc7VuTCB9G3mpJR8yImT-RM7roEIbXYeB8-qe1pDU3yDIA7kdZ6X9XB1eHfuQZsHZ9MZK8e1u1_as014jNY7w7rXo7AfrUlJYhIou4sd91e_ABBvfvryXcy5yNWBlISC5F78uvboO-7VtDx0DV8AJJZm5KhUlk_GsGNdXywoWSwczCcFIPxNhzC7LUSpIc06cEJizE", "state"=>"b170d039d6c822408652d088a8298393ac08c0a967ee40d8", "provider"=>"facebook"}
  [1m[36mUser Load (0.4ms)[0m  [1mSELECT  `users`.* FROM `users`  WHERE `users`.`provider` = 'facebook' AND `users`.`uid` = '10152865216476745'  ORDER BY `users`.`id` ASC LIMIT 1[0m
Redirected to http://localhost:3000/
Completed 302 Found in 9ms (ActiveRecord: 0.4ms)


Started GET "/" for 127.0.0.1 at 2014-12-13 15:02:34 -0700
Processing by StaticController#home as HTML
  Rendered static/home.html.erb within layouts/application (0.1ms)
  [1m[35mUser Load (0.5ms)[0m  SELECT  `users`.* FROM `users`  WHERE `users`.`id` = ? LIMIT 1  [["id", 1]]
Completed 200 OK in 170ms (Views: 168.2ms | ActiveRecord: 0.5ms)


Started GET "/assets/fb_items.css?body=1" for 127.0.0.1 at 2014-12-13 15:02:34 -0700


Started GET "/assets/scaffolds.css?body=1" for 127.0.0.1 at 2014-12-13 15:02:34 -0700


Started GET "/assets/application.css?body=1" for 127.0.0.1 at 2014-12-13 15:02:34 -0700


Started GET "/assets/bootstrap_and_overrides.css?body=1" for 127.0.0.1 at 2014-12-13 15:02:34 -0700


Started GET "/assets/jquery.js?body=1" for 127.0.0.1 at 2014-12-13 15:02:34 -0700


Started GET "/assets/jquery_ujs.js?body=1" for 127.0.0.1 at 2014-12-13 15:02:34 -0700


Started GET "/assets/twitter/bootstrap/transition.js?body=1" for 127.0.0.1 at 2014-12-13 15:02:34 -0700


Started GET "/assets/twitter/bootstrap/modal.js?body=1" for 127.0.0.1 at 2014-12-13 15:02:34 -0700


Started GET "/assets/twitter/bootstrap/alert.js?body=1" for 127.0.0.1 at 2014-12-13 15:02:34 -0700


Started GET "/assets/twitter/bootstrap/scrollspy.js?body=1" for 127.0.0.1 at 2014-12-13 15:02:34 -0700


Started GET "/assets/twitter/bootstrap/dropdown.js?body=1" for 127.0.0.1 at 2014-12-13 15:02:34 -0700


Started GET "/assets/twitter/bootstrap/tooltip.js?body=1" for 127.0.0.1 at 2014-12-13 15:02:34 -0700


Started GET "/assets/twitter/bootstrap/tab.js?body=1" for 127.0.0.1 at 2014-12-13 15:02:34 -0700


Started GET "/assets/twitter/bootstrap/popover.js?body=1" for 127.0.0.1 at 2014-12-13 15:02:34 -0700


Started GET "/assets/twitter/bootstrap/button.js?body=1" for 127.0.0.1 at 2014-12-13 15:02:34 -0700


Started GET "/assets/twitter/bootstrap/collapse.js?body=1" for 127.0.0.1 at 2014-12-13 15:02:34 -0700


Started GET "/assets/twitter/bootstrap/carousel.js?body=1" for 127.0.0.1 at 2014-12-13 15:02:34 -0700


Started GET "/assets/twitter/bootstrap/affix.js?body=1" for 127.0.0.1 at 2014-12-13 15:02:34 -0700


Started GET "/assets/twitter/bootstrap.js?body=1" for 127.0.0.1 at 2014-12-13 15:02:34 -0700


Started GET "/assets/turbolinks.js?body=1" for 127.0.0.1 at 2014-12-13 15:02:34 -0700


Started GET "/assets/bootstrap.js?body=1" for 127.0.0.1 at 2014-12-13 15:02:34 -0700


Started GET "/assets/facebook.js?body=1" for 127.0.0.1 at 2014-12-13 15:02:34 -0700


Started GET "/assets/application.js?body=1" for 127.0.0.1 at 2014-12-13 15:02:34 -0700


Started GET "/assets/fb_items.js?body=1" for 127.0.0.1 at 2014-12-13 15:02:34 -0700


Started GET "/menu" for 127.0.0.1 at 2014-12-13 15:06:27 -0700
Processing by StaticController#user_menu as HTML
  Rendered static/user_menu.html.erb within layouts/application (14.6ms)
Completed 500 Internal Server Error in 17ms

ActionView::Template::Error (undefined method `fb_items_url_path' for #<#<Class:0x00000005d8a9a0>:0x00000005d89c30>):
    1: <h1> user menu </h1>
    2: 
    3: <%= link_to 'Posts menu', :fb_items_url %>
    4: <%= link_to 'Photos menu', :fb_items_url %>
  app/views/static/user_menu.html.erb:3:in `_app_views_static_user_menu_html_erb___2979429655165352300_49028700'


  Rendered /home/vignesh/.rvm/gems/ruby-2.1.0/gems/actionpack-4.1.6/lib/action_dispatch/middleware/templates/rescues/_trace.html.erb (1.7ms)
  Rendered /home/vignesh/.rvm/gems/ruby-2.1.0/gems/actionpack-4.1.6/lib/action_dispatch/middleware/templates/rescues/_request_and_response.html.erb (1.3ms)
  Rendered /home/vignesh/.rvm/gems/ruby-2.1.0/gems/actionpack-4.1.6/lib/action_dispatch/middleware/templates/rescues/template_error.html.erb within rescues/layout (11.5ms)


Started GET "/menu" for 127.0.0.1 at 2014-12-13 15:06:48 -0700
Processing by StaticController#user_menu as HTML
  Rendered static/user_menu.html.erb within layouts/application (1.3ms)
  [1m[36mUser Load (0.4ms)[0m  [1mSELECT  `users`.* FROM `users`  WHERE `users`.`id` = ? LIMIT 1[0m  [["id", 1]]
Completed 200 OK in 192ms (Views: 188.4ms | ActiveRecord: 2.3ms)


Started GET "/assets/jquery.js?body=1" for 127.0.0.1 at 2014-12-13 15:06:48 -0700


Started GET "/assets/application.css?body=1" for 127.0.0.1 at 2014-12-13 15:06:48 -0700


Started GET "/assets/jquery_ujs.js?body=1" for 127.0.0.1 at 2014-12-13 15:06:48 -0700


Started GET "/assets/fb_items.css?body=1" for 127.0.0.1 at 2014-12-13 15:06:48 -0700


Started GET "/assets/scaffolds.css?body=1" for 127.0.0.1 at 2014-12-13 15:06:48 -0700


Started GET "/assets/bootstrap_and_overrides.css?body=1" for 127.0.0.1 at 2014-12-13 15:06:48 -0700


Started GET "/assets/twitter/bootstrap/transition.js?body=1" for 127.0.0.1 at 2014-12-13 15:06:48 -0700


Started GET "/assets/twitter/bootstrap/alert.js?body=1" for 127.0.0.1 at 2014-12-13 15:06:48 -0700


Started GET "/assets/twitter/bootstrap/modal.js?body=1" for 127.0.0.1 at 2014-12-13 15:06:48 -0700


Started GET "/assets/twitter/bootstrap/dropdown.js?body=1" for 127.0.0.1 at 2014-12-13 15:06:48 -0700


Started GET "/assets/twitter/bootstrap/tooltip.js?body=1" for 127.0.0.1 at 2014-12-13 15:06:48 -0700


Started GET "/assets/twitter/bootstrap/scrollspy.js?body=1" for 127.0.0.1 at 2014-12-13 15:06:48 -0700


Started GET "/assets/twitter/bootstrap/popover.js?body=1" for 127.0.0.1 at 2014-12-13 15:06:48 -0700


Started GET "/assets/twitter/bootstrap/button.js?body=1" for 127.0.0.1 at 2014-12-13 15:06:48 -0700


Started GET "/assets/twitter/bootstrap/tab.js?body=1" for 127.0.0.1 at 2014-12-13 15:06:48 -0700


Started GET "/assets/twitter/bootstrap/collapse.js?body=1" for 127.0.0.1 at 2014-12-13 15:06:48 -0700


Started GET "/assets/twitter/bootstrap/affix.js?body=1" for 127.0.0.1 at 2014-12-13 15:06:48 -0700


Started GET "/assets/twitter/bootstrap/carousel.js?body=1" for 127.0.0.1 at 2014-12-13 15:06:48 -0700


Started GET "/assets/twitter/bootstrap.js?body=1" for 127.0.0.1 at 2014-12-13 15:06:48 -0700


Started GET "/assets/turbolinks.js?body=1" for 127.0.0.1 at 2014-12-13 15:06:48 -0700


Started GET "/assets/bootstrap.js?body=1" for 127.0.0.1 at 2014-12-13 15:06:48 -0700


Started GET "/assets/facebook.js?body=1" for 127.0.0.1 at 2014-12-13 15:06:48 -0700


Started GET "/assets/fb_items.js?body=1" for 127.0.0.1 at 2014-12-13 15:06:48 -0700


Started GET "/assets/application.js?body=1" for 127.0.0.1 at 2014-12-13 15:06:48 -0700
